{"contracts/Involica.sol":{"l":{"66":15,"67":15,"68":15,"70":15,"76":6,"77":4,"81":98,"94":98,"95":97,"96":96,"98":1,"105":75,"106":74,"108":74,"112":7,"113":6,"114":5,"118":4,"119":4,"120":4,"122":4,"124":4,"128":9,"129":9,"130":9,"132":9,"147":6,"149":5,"150":5,"151":5,"174":83,"175":81,"176":80,"177":79,"178":78,"180":77,"183":77,"186":75,"187":75,"190":75,"191":71,"192":70,"195":73,"196":73,"197":73,"198":73,"199":73,"202":73,"203":73,"204":73,"205":73,"206":95,"207":95,"208":94,"209":93,"210":92,"211":91,"212":90,"213":90,"215":68,"217":66,"228":66,"230":62,"231":62,"234":4,"240":62,"242":55,"253":55,"258":8,"260":5,"262":5,"263":5,"264":5,"269":62,"272":55,"283":98,"291":181,"293":181,"294":2,"296":179,"297":15,"299":164,"300":2,"304":162,"305":3,"309":159,"310":3,"313":156,"314":78,"315":6,"319":150,"329":84,"330":83,"332":83,"333":83,"334":82,"337":83,"338":83,"341":75,"342":73,"343":72,"345":71,"347":28,"350":28,"354":71,"357":71,"360":71,"367":71,"368":71,"369":71,"379":71,"382":71,"383":71,"384":71,"385":71,"388":71,"389":71,"390":71,"391":71,"392":71,"393":71,"394":98,"395":98,"403":98,"404":3,"414":3,"417":95,"424":95,"425":5,"435":5,"438":90,"439":90,"441":90,"467":95,"470":90,"471":90,"473":5,"474":5,"483":71,"486":71,"487":71,"488":71,"489":98,"490":98,"494":71,"495":65,"496":65,"500":70,"501":8,"509":70,"510":2,"514":68,"517":70,"533":2,"534":1,"535":1,"539":2,"540":1,"541":1,"542":1,"546":7,"547":6,"548":6,"552":6,"554":6,"558":11,"560":10,"561":16,"566":31,"568":31,"572":3,"574":2,"575":2,"584":2,"585":2,"589":3,"590":2,"591":1,"592":1,"598":68,"602":80,"606":1,"610":75,"614":106,"618":7},"path":"/Users/roguerotkosky/Development/Involica/involica-contracts/contracts/Involica.sol","s":{"1":15,"2":15,"3":15,"4":15,"5":6,"6":98,"7":98,"8":1,"9":97,"10":96,"11":1,"12":75,"13":74,"14":74,"15":7,"16":6,"17":5,"18":4,"19":4,"20":4,"21":4,"22":4,"23":9,"24":9,"25":9,"26":9,"27":6,"28":5,"29":5,"30":5,"31":83,"32":81,"33":80,"34":79,"35":78,"36":77,"37":77,"38":75,"39":75,"40":75,"41":71,"42":70,"43":73,"44":73,"45":73,"46":73,"47":73,"48":73,"49":73,"50":73,"51":95,"52":95,"53":94,"54":93,"55":92,"56":91,"57":90,"58":90,"59":68,"60":66,"61":66,"62":62,"63":62,"64":4,"65":62,"66":7,"67":55,"68":55,"69":8,"70":3,"71":5,"72":5,"73":5,"74":5,"75":62,"76":7,"77":55,"78":98,"79":181,"80":181,"81":2,"82":179,"83":15,"84":164,"85":2,"86":162,"87":3,"88":159,"89":3,"90":156,"91":78,"92":6,"93":150,"94":84,"95":83,"96":83,"97":83,"98":82,"99":83,"100":83,"101":75,"102":73,"103":72,"104":71,"105":28,"106":28,"107":71,"108":71,"109":71,"110":71,"111":71,"112":71,"113":71,"114":71,"115":71,"116":71,"117":71,"118":71,"119":71,"120":71,"121":71,"122":71,"123":71,"124":98,"125":98,"126":98,"127":3,"128":95,"129":95,"130":5,"131":90,"132":90,"133":90,"134":95,"135":90,"136":90,"137":5,"138":5,"139":71,"140":71,"141":71,"142":71,"143":98,"144":98,"145":71,"146":65,"147":65,"148":70,"149":8,"150":70,"151":2,"152":68,"153":70,"154":2,"155":1,"156":1,"157":2,"158":1,"159":1,"160":1,"161":7,"162":6,"163":6,"164":6,"165":5,"166":1,"167":6,"168":11,"169":10,"170":16,"171":31,"172":25,"173":6,"174":31,"175":3,"176":2,"177":2,"178":2,"179":2,"180":3,"181":2,"182":1,"183":1,"184":68,"185":80,"186":1,"187":75,"188":106,"189":7},"b":{"1":[4,2],"2":[1,97],"3":[74,1],"4":[6,1],"5":[5,1],"6":[9,0],"7":[5,1],"8":[81,2],"9":[80,1],"10":[79,1],"11":[78,1],"12":[77,1],"13":[75,2],"14":[71,4],"15":[70,1],"16":[69,1],"17":[94,1],"18":[93,1],"19":[92,1],"20":[91,1],"21":[90,1],"22":[66,2],"23":[62,4],"24":[7,55],"25":[3,5],"26":[7,55],"27":[2,179],"28":[15,164],"29":[2,162],"30":[3,159],"31":[3,156],"32":[78,78],"33":[6,72],"34":[83,1],"35":[82,1],"36":[75,8],"37":[73,2],"38":[72,1],"39":[71,1],"40":[28,43],"41":[3,95],"42":[5,90],"43":[65,6],"44":[8,62],"45":[2,68],"46":[1,1],"47":[1,1],"48":[6,1],"49":[5,1],"50":[10,1],"51":[25,6],"52":[2,1],"53":[2,1],"54":[1,1]},"f":{"1":15,"2":6,"3":98,"4":98,"5":75,"6":7,"7":4,"8":9,"9":6,"10":83,"11":62,"12":8,"13":62,"14":98,"15":181,"16":84,"17":71,"18":71,"19":95,"20":71,"21":2,"22":2,"23":7,"24":6,"25":11,"26":31,"27":3,"28":2,"29":3,"30":68,"31":80,"32":1,"33":75,"34":106,"35":7},"fnMap":{"1":{"name":"constructor","line":65,"loc":{"start":{"line":60,"column":4},"end":{"line":71,"column":4}}},"2":{"name":"positionExists","line":75,"loc":{"start":{"line":75,"column":4},"end":{"line":78,"column":4}}},"3":{"name":"_validPair","line":80,"loc":{"start":{"line":80,"column":4},"end":{"line":85,"column":4}}},"4":{"name":"_validRoute","line":87,"loc":{"start":{"line":87,"column":4},"end":{"line":100,"column":4}}},"5":{"name":"depositTreasury","line":104,"loc":{"start":{"line":104,"column":4},"end":{"line":109,"column":4}}},"6":{"name":"withdrawTreasury","line":111,"loc":{"start":{"line":111,"column":4},"end":{"line":115,"column":4}}},"7":{"name":"exitPosition","line":117,"loc":{"start":{"line":117,"column":4},"end":{"line":125,"column":4}}},"8":{"name":"_withdrawTreasury","line":127,"loc":{"start":{"line":127,"column":4},"end":{"line":133,"column":4}}},"9":{"name":"createAndFundPosition","line":138,"loc":{"start":{"line":138,"column":4},"end":{"line":161,"column":4}}},"10":{"name":"setPosition","line":173,"loc":{"start":{"line":164,"column":4},"end":{"line":236,"column":4}}},"11":{"name":"_initializeTask","line":238,"loc":{"start":{"line":238,"column":4},"end":{"line":254,"column":4}}},"12":{"name":"_clearTask","line":256,"loc":{"start":{"line":256,"column":4},"end":{"line":265,"column":4}}},"13":{"name":"_bringLastDCACurrent","line":267,"loc":{"start":{"line":267,"column":4},"end":{"line":273,"column":4}}},"14":{"name":"dcaRevertCondition","line":277,"loc":{"start":{"line":277,"column":4},"end":{"line":284,"column":4}}},"15":{"name":"_dcaRevertCondition","line":286,"loc":{"start":{"line":286,"column":4},"end":{"line":320,"column":4}}},"16":{"name":"executeDCA","line":328,"loc":{"start":{"line":322,"column":4},"end":{"line":361,"column":4}}},"17":{"name":"_setupDCA","line":366,"loc":{"start":{"line":366,"column":4},"end":{"line":370,"column":4}}},"18":{"name":"_executeDCASwaps","line":372,"loc":{"start":{"line":372,"column":4},"end":{"line":452,"column":4}}},"19":{"name":"_swap","line":454,"loc":{"start":{"line":454,"column":4},"end":{"line":476,"column":4}}},"20":{"name":"_finalizeDCA","line":478,"loc":{"start":{"line":478,"column":4},"end":{"line":528,"column":4}}},"21":{"name":"setInvolicaTreasury","line":532,"loc":{"start":{"line":532,"column":4},"end":{"line":536,"column":4}}},"22":{"name":"setInvolicaTxFee","line":538,"loc":{"start":{"line":538,"column":4},"end":{"line":543,"column":4}}},"23":{"name":"setResolver","line":545,"loc":{"start":{"line":545,"column":4},"end":{"line":549,"column":4}}},"24":{"name":"setPaused","line":551,"loc":{"start":{"line":551,"column":4},"end":{"line":555,"column":4}}},"25":{"name":"setAllowedTokens","line":557,"loc":{"start":{"line":557,"column":4},"end":{"line":563,"column":4}}},"26":{"name":"_setAllowedToken","line":565,"loc":{"start":{"line":565,"column":4},"end":{"line":569,"column":4}}},"27":{"name":"setBlacklistedPairs","line":571,"loc":{"start":{"line":571,"column":4},"end":{"line":577,"column":4}}},"28":{"name":"_setBlacklistedPairs","line":579,"loc":{"start":{"line":579,"column":4},"end":{"line":586,"column":4}}},"29":{"name":"setMinSlippage","line":588,"loc":{"start":{"line":588,"column":4},"end":{"line":593,"column":4}}},"30":{"name":"fetchUniRouter","line":597,"loc":{"start":{"line":597,"column":4},"end":{"line":599,"column":4}}},"31":{"name":"fetchAllowedTokens","line":601,"loc":{"start":{"line":601,"column":4},"end":{"line":603,"column":4}}},"32":{"name":"fetchAllowedToken","line":605,"loc":{"start":{"line":605,"column":4},"end":{"line":607,"column":4}}},"33":{"name":"fetchUserTreasury","line":609,"loc":{"start":{"line":609,"column":4},"end":{"line":611,"column":4}}},"34":{"name":"fetchUserPosition","line":613,"loc":{"start":{"line":613,"column":4},"end":{"line":615,"column":4}}},"35":{"name":"fetchUserTxs","line":617,"loc":{"start":{"line":617,"column":4},"end":{"line":619,"column":4}}}},"statementMap":{"1":{"start":{"line":66,"column":8},"end":{"line":66,"column":43}},"2":{"start":{"line":67,"column":8},"end":{"line":67,"column":47}},"3":{"start":{"line":68,"column":8},"end":{"line":68,"column":19}},"4":{"start":{"line":70,"column":8},"end":{"line":70,"column":36}},"5":{"start":{"line":76,"column":8},"end":{"line":76,"column":87}},"6":{"start":{"line":81,"column":8},"end":{"line":81,"column":2478}},"7":{"start":{"line":94,"column":8},"end":{"line":94,"column":84}},"8":{"start":{"line":94,"column":72},"end":{"line":94,"column":84}},"9":{"start":{"line":95,"column":8},"end":{"line":95,"column":2892}},"10":{"start":{"line":96,"column":12},"end":{"line":96,"column":23}},"11":{"start":{"line":98,"column":12},"end":{"line":98,"column":24}},"12":{"start":{"line":105,"column":8},"end":{"line":105,"column":54}},"13":{"start":{"line":106,"column":8},"end":{"line":106,"column":46}},"14":{"start":{"line":108,"column":8},"end":{"line":108,"column":51}},"15":{"start":{"line":112,"column":8},"end":{"line":112,"column":50}},"16":{"start":{"line":113,"column":8},"end":{"line":113,"column":69}},"17":{"start":{"line":114,"column":8},"end":{"line":114,"column":33}},"18":{"start":{"line":118,"column":8},"end":{"line":118,"column":57}},"19":{"start":{"line":119,"column":8},"end":{"line":119,"column":52}},"20":{"start":{"line":120,"column":8},"end":{"line":120,"column":33}},"21":{"start":{"line":122,"column":8},"end":{"line":122,"column":27}},"22":{"start":{"line":124,"column":8},"end":{"line":124,"column":37}},"23":{"start":{"line":128,"column":8},"end":{"line":128,"column":71}},"24":{"start":{"line":129,"column":8},"end":{"line":129,"column":46}},"25":{"start":{"line":130,"column":8},"end":{"line":130,"column":44}},"26":{"start":{"line":132,"column":8},"end":{"line":132,"column":50}},"27":{"start":{"line":147,"column":8},"end":{"line":147,"column":87}},"28":{"start":{"line":149,"column":8},"end":{"line":149,"column":46}},"29":{"start":{"line":150,"column":8},"end":{"line":150,"column":51}},"30":{"start":{"line":151,"column":8},"end":{"line":151,"column":4756}},"31":{"start":{"line":174,"column":8},"end":{"line":174,"column":96}},"32":{"start":{"line":175,"column":8},"end":{"line":175,"column":56}},"33":{"start":{"line":176,"column":8},"end":{"line":176,"column":65}},"34":{"start":{"line":177,"column":8},"end":{"line":177,"column":62}},"35":{"start":{"line":178,"column":8},"end":{"line":178,"column":70}},"36":{"start":{"line":180,"column":8},"end":{"line":180,"column":57}},"37":{"start":{"line":183,"column":8},"end":{"line":183,"column":72}},"38":{"start":{"line":186,"column":8},"end":{"line":186,"column":33}},"39":{"start":{"line":187,"column":8},"end":{"line":187,"column":34}},"40":{"start":{"line":190,"column":8},"end":{"line":190,"column":6102}},"41":{"start":{"line":191,"column":12},"end":{"line":191,"column":117}},"42":{"start":{"line":192,"column":12},"end":{"line":192,"column":109}},"43":{"start":{"line":195,"column":8},"end":{"line":195,"column":58}},"44":{"start":{"line":196,"column":8},"end":{"line":196,"column":38}},"45":{"start":{"line":197,"column":8},"end":{"line":197,"column":42}},"46":{"start":{"line":198,"column":8},"end":{"line":198,"column":42}},"47":{"start":{"line":199,"column":8},"end":{"line":199,"column":78}},"48":{"start":{"line":203,"column":8},"end":{"line":203,"column":30}},"49":{"start":{"line":204,"column":8},"end":{"line":204,"column":19}},"50":{"start":{"line":205,"column":8},"end":{"line":205,"column":6773}},"51":{"start":{"line":206,"column":12},"end":{"line":206,"column":31}},"52":{"start":{"line":207,"column":12},"end":{"line":207,"column":68}},"53":{"start":{"line":208,"column":12},"end":{"line":208,"column":71}},"54":{"start":{"line":209,"column":12},"end":{"line":209,"column":75}},"55":{"start":{"line":210,"column":12},"end":{"line":210,"column":75}},"56":{"start":{"line":211,"column":12},"end":{"line":211,"column":58}},"57":{"start":{"line":212,"column":12},"end":{"line":212,"column":40}},"58":{"start":{"line":213,"column":12},"end":{"line":213,"column":116}},"59":{"start":{"line":215,"column":8},"end":{"line":215,"column":67}},"60":{"start":{"line":217,"column":8},"end":{"line":217,"column":7466}},"61":{"start":{"line":228,"column":8},"end":{"line":228,"column":7717}},"62":{"start":{"line":230,"column":12},"end":{"line":230,"column":49}},"63":{"start":{"line":231,"column":12},"end":{"line":231,"column":75}},"64":{"start":{"line":234,"column":12},"end":{"line":234,"column":44}},"65":{"start":{"line":240,"column":8},"end":{"line":240,"column":50}},"66":{"start":{"line":240,"column":44},"end":{"line":240,"column":50}},"67":{"start":{"line":242,"column":8},"end":{"line":242,"column":8238}},"68":{"start":{"line":253,"column":8},"end":{"line":253,"column":61}},"69":{"start":{"line":258,"column":8},"end":{"line":258,"column":50}},"70":{"start":{"line":258,"column":44},"end":{"line":258,"column":50}},"71":{"start":{"line":260,"column":8},"end":{"line":260,"column":56}},"72":{"start":{"line":262,"column":8},"end":{"line":262,"column":45}},"73":{"start":{"line":263,"column":8},"end":{"line":263,"column":28}},"74":{"start":{"line":264,"column":8},"end":{"line":264,"column":36}},"75":{"start":{"line":269,"column":8},"end":{"line":269,"column":108}},"76":{"start":{"line":269,"column":102},"end":{"line":269,"column":108}},"77":{"start":{"line":272,"column":8},"end":{"line":272,"column":94}},"78":{"start":{"line":283,"column":8},"end":{"line":283,"column":50}},"79":{"start":{"line":291,"column":8},"end":{"line":291,"column":52}},"80":{"start":{"line":293,"column":8},"end":{"line":293,"column":9961}},"81":{"start":{"line":294,"column":12},"end":{"line":294,"column":56}},"82":{"start":{"line":296,"column":8},"end":{"line":296,"column":10090}},"83":{"start":{"line":297,"column":12},"end":{"line":297,"column":43}},"84":{"start":{"line":299,"column":8},"end":{"line":299,"column":10243}},"85":{"start":{"line":300,"column":12},"end":{"line":300,"column":46}},"86":{"start":{"line":304,"column":8},"end":{"line":304,"column":10431}},"87":{"start":{"line":305,"column":12},"end":{"line":305,"column":51}},"88":{"start":{"line":309,"column":8},"end":{"line":309,"column":10646}},"89":{"start":{"line":310,"column":12},"end":{"line":310,"column":49}},"90":{"start":{"line":313,"column":8},"end":{"line":313,"column":10794}},"91":{"start":{"line":314,"column":12},"end":{"line":314,"column":10829}},"92":{"start":{"line":315,"column":16},"end":{"line":315,"column":52}},"93":{"start":{"line":319,"column":8},"end":{"line":319,"column":26}},"94":{"start":{"line":329,"column":8},"end":{"line":329,"column":98}},"95":{"start":{"line":330,"column":8},"end":{"line":330,"column":52}},"96":{"start":{"line":332,"column":8},"end":{"line":332,"column":22}},"97":{"start":{"line":333,"column":8},"end":{"line":333,"column":11428}},"98":{"start":{"line":334,"column":12},"end":{"line":334,"column":49}},"99":{"start":{"line":337,"column":8},"end":{"line":337,"column":85}},"100":{"start":{"line":338,"column":8},"end":{"line":338,"column":36}},"101":{"start":{"line":341,"column":8},"end":{"line":341,"column":89}},"102":{"start":{"line":342,"column":8},"end":{"line":342,"column":98}},"103":{"start":{"line":343,"column":8},"end":{"line":343,"column":90}},"104":{"start":{"line":345,"column":8},"end":{"line":345,"column":11968}},"105":{"start":{"line":347,"column":12},"end":{"line":347,"column":42}},"106":{"start":{"line":350,"column":12},"end":{"line":350,"column":42}},"107":{"start":{"line":354,"column":8},"end":{"line":354,"column":26}},"108":{"start":{"line":357,"column":8},"end":{"line":357,"column":79}},"109":{"start":{"line":360,"column":8},"end":{"line":360,"column":54}},"110":{"start":{"line":367,"column":8},"end":{"line":367,"column":98}},"111":{"start":{"line":368,"column":8},"end":{"line":368,"column":32}},"112":{"start":{"line":369,"column":8},"end":{"line":369,"column":27}},"113":{"start":{"line":379,"column":8},"end":{"line":379,"column":79}},"114":{"start":{"line":382,"column":8},"end":{"line":382,"column":36}},"115":{"start":{"line":383,"column":8},"end":{"line":383,"column":89}},"116":{"start":{"line":384,"column":8},"end":{"line":384,"column":41}},"117":{"start":{"line":385,"column":8},"end":{"line":385,"column":40}},"118":{"start":{"line":388,"column":8},"end":{"line":388,"column":32}},"119":{"start":{"line":389,"column":8},"end":{"line":389,"column":22}},"120":{"start":{"line":390,"column":8},"end":{"line":390,"column":23}},"121":{"start":{"line":391,"column":8},"end":{"line":391,"column":35}},"122":{"start":{"line":392,"column":8},"end":{"line":392,"column":20}},"123":{"start":{"line":393,"column":8},"end":{"line":393,"column":13566}},"124":{"start":{"line":394,"column":12},"end":{"line":394,"column":75}},"125":{"start":{"line":395,"column":12},"end":{"line":395,"column":13713}},"126":{"start":{"line":403,"column":12},"end":{"line":403,"column":13949}},"127":{"start":{"line":404,"column":16},"end":{"line":404,"column":14002}},"128":{"start":{"line":417,"column":12},"end":{"line":417,"column":14460}},"129":{"start":{"line":424,"column":12},"end":{"line":424,"column":14739}},"130":{"start":{"line":425,"column":16},"end":{"line":425,"column":14774}},"131":{"start":{"line":438,"column":12},"end":{"line":438,"column":105}},"132":{"start":{"line":439,"column":12},"end":{"line":439,"column":46}},"133":{"start":{"line":441,"column":12},"end":{"line":441,"column":15358}},"134":{"start":{"line":467,"column":8},"end":{"line":467,"column":16034}},"135":{"start":{"line":470,"column":12},"end":{"line":470,"column":29}},"136":{"start":{"line":471,"column":12},"end":{"line":471,"column":22}},"137":{"start":{"line":473,"column":12},"end":{"line":473,"column":33}},"138":{"start":{"line":474,"column":12},"end":{"line":474,"column":21}},"139":{"start":{"line":483,"column":8},"end":{"line":483,"column":89}},"140":{"start":{"line":486,"column":8},"end":{"line":486,"column":71}},"141":{"start":{"line":487,"column":8},"end":{"line":487,"column":72}},"142":{"start":{"line":488,"column":8},"end":{"line":488,"column":16833}},"143":{"start":{"line":489,"column":12},"end":{"line":489,"column":50}},"144":{"start":{"line":490,"column":12},"end":{"line":490,"column":52}},"145":{"start":{"line":494,"column":8},"end":{"line":494,"column":17039}},"146":{"start":{"line":495,"column":12},"end":{"line":495,"column":84}},"147":{"start":{"line":496,"column":12},"end":{"line":496,"column":93}},"148":{"start":{"line":500,"column":8},"end":{"line":500,"column":17318}},"149":{"start":{"line":501,"column":12},"end":{"line":501,"column":17405}},"150":{"start":{"line":509,"column":8},"end":{"line":509,"column":17831}},"151":{"start":{"line":510,"column":12},"end":{"line":510,"column":45}},"152":{"start":{"line":514,"column":12},"end":{"line":514,"column":51}},"153":{"start":{"line":517,"column":8},"end":{"line":517,"column":18187}},"154":{"start":{"line":533,"column":8},"end":{"line":533,"column":59}},"155":{"start":{"line":534,"column":8},"end":{"line":534,"column":35}},"156":{"start":{"line":535,"column":8},"end":{"line":535,"column":43}},"157":{"start":{"line":539,"column":8},"end":{"line":539,"column":45}},"158":{"start":{"line":540,"column":8},"end":{"line":540,"column":21}},"159":{"start":{"line":541,"column":8},"end":{"line":541,"column":27}},"160":{"start":{"line":542,"column":8},"end":{"line":542,"column":37}},"161":{"start":{"line":546,"column":8},"end":{"line":546,"column":59}},"162":{"start":{"line":547,"column":8},"end":{"line":547,"column":27}},"163":{"start":{"line":548,"column":8},"end":{"line":548,"column":35}},"164":{"start":{"line":552,"column":8},"end":{"line":552,"column":19267}},"165":{"start":{"line":552,"column":23},"end":{"line":552,"column":30}},"166":{"start":{"line":553,"column":13},"end":{"line":553,"column":22}},"167":{"start":{"line":554,"column":8},"end":{"line":554,"column":33}},"168":{"start":{"line":558,"column":8},"end":{"line":558,"column":68}},"169":{"start":{"line":560,"column":8},"end":{"line":560,"column":19528}},"170":{"start":{"line":561,"column":12},"end":{"line":561,"column":53}},"171":{"start":{"line":566,"column":8},"end":{"line":566,"column":19761}},"172":{"start":{"line":566,"column":22},"end":{"line":566,"column":46}},"173":{"start":{"line":567,"column":13},"end":{"line":567,"column":40}},"174":{"start":{"line":568,"column":8},"end":{"line":568,"column":46}},"175":{"start":{"line":572,"column":8},"end":{"line":572,"column":78}},"176":{"start":{"line":574,"column":8},"end":{"line":574,"column":20068}},"177":{"start":{"line":575,"column":12},"end":{"line":575,"column":85}},"178":{"start":{"line":584,"column":8},"end":{"line":584,"column":56}},"179":{"start":{"line":585,"column":8},"end":{"line":585,"column":63}},"180":{"start":{"line":589,"column":8},"end":{"line":589,"column":66}},"181":{"start":{"line":590,"column":8},"end":{"line":590,"column":62}},"182":{"start":{"line":591,"column":8},"end":{"line":591,"column":33}},"183":{"start":{"line":592,"column":8},"end":{"line":592,"column":41}},"184":{"start":{"line":598,"column":8},"end":{"line":598,"column":33}},"185":{"start":{"line":602,"column":8},"end":{"line":602,"column":37}},"186":{"start":{"line":606,"column":8},"end":{"line":606,"column":34}},"187":{"start":{"line":610,"column":8},"end":{"line":610,"column":35}},"188":{"start":{"line":614,"column":8},"end":{"line":614,"column":30}},"189":{"start":{"line":618,"column":8},"end":{"line":618,"column":28}}},"branchMap":{"1":{"line":76,"type":"if","locations":[{"start":{"line":76,"column":8},"end":{"line":76,"column":8}},{"start":{"line":76,"column":8},"end":{"line":76,"column":8}}]},"2":{"line":94,"type":"if","locations":[{"start":{"line":94,"column":8},"end":{"line":94,"column":8}},{"start":{"line":94,"column":8},"end":{"line":94,"column":8}}]},"3":{"line":105,"type":"if","locations":[{"start":{"line":105,"column":8},"end":{"line":105,"column":8}},{"start":{"line":105,"column":8},"end":{"line":105,"column":8}}]},"4":{"line":112,"type":"if","locations":[{"start":{"line":112,"column":8},"end":{"line":112,"column":8}},{"start":{"line":112,"column":8},"end":{"line":112,"column":8}}]},"5":{"line":113,"type":"if","locations":[{"start":{"line":113,"column":8},"end":{"line":113,"column":8}},{"start":{"line":113,"column":8},"end":{"line":113,"column":8}}]},"6":{"line":129,"type":"if","locations":[{"start":{"line":129,"column":8},"end":{"line":129,"column":8}},{"start":{"line":129,"column":8},"end":{"line":129,"column":8}}]},"7":{"line":147,"type":"if","locations":[{"start":{"line":147,"column":8},"end":{"line":147,"column":8}},{"start":{"line":147,"column":8},"end":{"line":147,"column":8}}]},"8":{"line":174,"type":"if","locations":[{"start":{"line":174,"column":8},"end":{"line":174,"column":8}},{"start":{"line":174,"column":8},"end":{"line":174,"column":8}}]},"9":{"line":175,"type":"if","locations":[{"start":{"line":175,"column":8},"end":{"line":175,"column":8}},{"start":{"line":175,"column":8},"end":{"line":175,"column":8}}]},"10":{"line":176,"type":"if","locations":[{"start":{"line":176,"column":8},"end":{"line":176,"column":8}},{"start":{"line":176,"column":8},"end":{"line":176,"column":8}}]},"11":{"line":177,"type":"if","locations":[{"start":{"line":177,"column":8},"end":{"line":177,"column":8}},{"start":{"line":177,"column":8},"end":{"line":177,"column":8}}]},"12":{"line":178,"type":"if","locations":[{"start":{"line":178,"column":8},"end":{"line":178,"column":8}},{"start":{"line":178,"column":8},"end":{"line":178,"column":8}}]},"13":{"line":183,"type":"if","locations":[{"start":{"line":183,"column":8},"end":{"line":183,"column":8}},{"start":{"line":183,"column":8},"end":{"line":183,"column":8}}]},"14":{"line":190,"type":"if","locations":[{"start":{"line":190,"column":8},"end":{"line":190,"column":8}},{"start":{"line":190,"column":8},"end":{"line":190,"column":8}}]},"15":{"line":191,"type":"if","locations":[{"start":{"line":191,"column":12},"end":{"line":191,"column":12}},{"start":{"line":191,"column":12},"end":{"line":191,"column":12}}]},"16":{"line":192,"type":"if","locations":[{"start":{"line":192,"column":12},"end":{"line":192,"column":12}},{"start":{"line":192,"column":12},"end":{"line":192,"column":12}}]},"17":{"line":207,"type":"if","locations":[{"start":{"line":207,"column":12},"end":{"line":207,"column":12}},{"start":{"line":207,"column":12},"end":{"line":207,"column":12}}]},"18":{"line":208,"type":"if","locations":[{"start":{"line":208,"column":12},"end":{"line":208,"column":12}},{"start":{"line":208,"column":12},"end":{"line":208,"column":12}}]},"19":{"line":209,"type":"if","locations":[{"start":{"line":209,"column":12},"end":{"line":209,"column":12}},{"start":{"line":209,"column":12},"end":{"line":209,"column":12}}]},"20":{"line":210,"type":"if","locations":[{"start":{"line":210,"column":12},"end":{"line":210,"column":12}},{"start":{"line":210,"column":12},"end":{"line":210,"column":12}}]},"21":{"line":211,"type":"if","locations":[{"start":{"line":211,"column":12},"end":{"line":211,"column":12}},{"start":{"line":211,"column":12},"end":{"line":211,"column":12}}]},"22":{"line":215,"type":"if","locations":[{"start":{"line":215,"column":8},"end":{"line":215,"column":8}},{"start":{"line":215,"column":8},"end":{"line":215,"column":8}}]},"23":{"line":228,"type":"if","locations":[{"start":{"line":228,"column":8},"end":{"line":228,"column":8}},{"start":{"line":228,"column":8},"end":{"line":228,"column":8}}]},"24":{"line":240,"type":"if","locations":[{"start":{"line":240,"column":8},"end":{"line":240,"column":8}},{"start":{"line":240,"column":8},"end":{"line":240,"column":8}}]},"25":{"line":258,"type":"if","locations":[{"start":{"line":258,"column":8},"end":{"line":258,"column":8}},{"start":{"line":258,"column":8},"end":{"line":258,"column":8}}]},"26":{"line":269,"type":"if","locations":[{"start":{"line":269,"column":8},"end":{"line":269,"column":8}},{"start":{"line":269,"column":8},"end":{"line":269,"column":8}}]},"27":{"line":293,"type":"if","locations":[{"start":{"line":293,"column":8},"end":{"line":293,"column":8}},{"start":{"line":293,"column":8},"end":{"line":293,"column":8}}]},"28":{"line":296,"type":"if","locations":[{"start":{"line":296,"column":8},"end":{"line":296,"column":8}},{"start":{"line":296,"column":8},"end":{"line":296,"column":8}}]},"29":{"line":299,"type":"if","locations":[{"start":{"line":299,"column":8},"end":{"line":299,"column":8}},{"start":{"line":299,"column":8},"end":{"line":299,"column":8}}]},"30":{"line":304,"type":"if","locations":[{"start":{"line":304,"column":8},"end":{"line":304,"column":8}},{"start":{"line":304,"column":8},"end":{"line":304,"column":8}}]},"31":{"line":309,"type":"if","locations":[{"start":{"line":309,"column":8},"end":{"line":309,"column":8}},{"start":{"line":309,"column":8},"end":{"line":309,"column":8}}]},"32":{"line":313,"type":"if","locations":[{"start":{"line":313,"column":8},"end":{"line":313,"column":8}},{"start":{"line":313,"column":8},"end":{"line":313,"column":8}}]},"33":{"line":314,"type":"if","locations":[{"start":{"line":314,"column":12},"end":{"line":314,"column":12}},{"start":{"line":314,"column":12},"end":{"line":314,"column":12}}]},"34":{"line":329,"type":"if","locations":[{"start":{"line":329,"column":8},"end":{"line":329,"column":8}},{"start":{"line":329,"column":8},"end":{"line":329,"column":8}}]},"35":{"line":333,"type":"if","locations":[{"start":{"line":333,"column":8},"end":{"line":333,"column":8}},{"start":{"line":333,"column":8},"end":{"line":333,"column":8}}]},"36":{"line":338,"type":"if","locations":[{"start":{"line":338,"column":8},"end":{"line":338,"column":8}},{"start":{"line":338,"column":8},"end":{"line":338,"column":8}}]},"37":{"line":341,"type":"if","locations":[{"start":{"line":341,"column":8},"end":{"line":341,"column":8}},{"start":{"line":341,"column":8},"end":{"line":341,"column":8}}]},"38":{"line":342,"type":"if","locations":[{"start":{"line":342,"column":8},"end":{"line":342,"column":8}},{"start":{"line":342,"column":8},"end":{"line":342,"column":8}}]},"39":{"line":343,"type":"if","locations":[{"start":{"line":343,"column":8},"end":{"line":343,"column":8}},{"start":{"line":343,"column":8},"end":{"line":343,"column":8}}]},"40":{"line":345,"type":"if","locations":[{"start":{"line":345,"column":8},"end":{"line":345,"column":8}},{"start":{"line":345,"column":8},"end":{"line":345,"column":8}}]},"41":{"line":403,"type":"if","locations":[{"start":{"line":403,"column":12},"end":{"line":403,"column":12}},{"start":{"line":403,"column":12},"end":{"line":403,"column":12}}]},"42":{"line":424,"type":"if","locations":[{"start":{"line":424,"column":12},"end":{"line":424,"column":12}},{"start":{"line":424,"column":12},"end":{"line":424,"column":12}}]},"43":{"line":494,"type":"if","locations":[{"start":{"line":494,"column":8},"end":{"line":494,"column":8}},{"start":{"line":494,"column":8},"end":{"line":494,"column":8}}]},"44":{"line":500,"type":"if","locations":[{"start":{"line":500,"column":8},"end":{"line":500,"column":8}},{"start":{"line":500,"column":8},"end":{"line":500,"column":8}}]},"45":{"line":509,"type":"if","locations":[{"start":{"line":509,"column":8},"end":{"line":509,"column":8}},{"start":{"line":509,"column":8},"end":{"line":509,"column":8}}]},"46":{"line":533,"type":"if","locations":[{"start":{"line":533,"column":8},"end":{"line":533,"column":8}},{"start":{"line":533,"column":8},"end":{"line":533,"column":8}}]},"47":{"line":539,"type":"if","locations":[{"start":{"line":539,"column":8},"end":{"line":539,"column":8}},{"start":{"line":539,"column":8},"end":{"line":539,"column":8}}]},"48":{"line":546,"type":"if","locations":[{"start":{"line":546,"column":8},"end":{"line":546,"column":8}},{"start":{"line":546,"column":8},"end":{"line":546,"column":8}}]},"49":{"line":552,"type":"if","locations":[{"start":{"line":552,"column":8},"end":{"line":552,"column":8}},{"start":{"line":552,"column":8},"end":{"line":552,"column":8}}]},"50":{"line":558,"type":"if","locations":[{"start":{"line":558,"column":8},"end":{"line":558,"column":8}},{"start":{"line":558,"column":8},"end":{"line":558,"column":8}}]},"51":{"line":566,"type":"if","locations":[{"start":{"line":566,"column":8},"end":{"line":566,"column":8}},{"start":{"line":566,"column":8},"end":{"line":566,"column":8}}]},"52":{"line":572,"type":"if","locations":[{"start":{"line":572,"column":8},"end":{"line":572,"column":8}},{"start":{"line":572,"column":8},"end":{"line":572,"column":8}}]},"53":{"line":589,"type":"if","locations":[{"start":{"line":589,"column":8},"end":{"line":589,"column":8}},{"start":{"line":589,"column":8},"end":{"line":589,"column":8}}]},"54":{"line":590,"type":"if","locations":[{"start":{"line":590,"column":8},"end":{"line":590,"column":8}},{"start":{"line":590,"column":8},"end":{"line":590,"column":8}}]}}},"contracts/InvolicaFetcher.sol":{"l":{"16":15,"17":15,"27":1,"28":1,"30":1,"31":3,"32":3,"33":3,"35":1,"36":1,"37":1,"55":75,"57":75,"59":75,"62":75,"63":64,"64":64,"65":64,"66":64,"68":64,"70":64,"73":75,"74":75,"75":75,"76":225,"82":75,"88":75,"89":75,"90":68,"91":68,"97":66,"99":2,"105":1},"path":"/Users/roguerotkosky/Development/Involica/involica-contracts/contracts/InvolicaFetcher.sol","s":{"1":15,"2":15,"3":1,"4":1,"5":1,"6":3,"7":3,"8":3,"9":1,"10":1,"11":1,"12":75,"13":75,"14":75,"15":75,"16":64,"17":64,"18":64,"19":64,"20":64,"21":64,"22":75,"23":75,"24":75,"25":225,"26":75,"27":75,"28":75,"29":68,"30":68,"31":66,"32":2,"33":1},"b":{"1":[64,11]},"f":{"1":15,"2":1,"3":75,"4":1},"fnMap":{"1":{"name":"constructor","line":15,"loc":{"start":{"line":15,"column":4},"end":{"line":18,"column":4}}},"2":{"name":"fetchTokensData","line":26,"loc":{"start":{"line":26,"column":4},"end":{"line":38,"column":4}}},"3":{"name":"fetchUserData","line":40,"loc":{"start":{"line":40,"column":4},"end":{"line":102,"column":4}}},"4":{"name":"fetchPairRoute","line":104,"loc":{"start":{"line":104,"column":4},"end":{"line":106,"column":4}}}},"statementMap":{"1":{"start":{"line":16,"column":8},"end":{"line":16,"column":38}},"2":{"start":{"line":17,"column":8},"end":{"line":17,"column":31}},"3":{"start":{"line":27,"column":8},"end":{"line":27,"column":70}},"4":{"start":{"line":28,"column":8},"end":{"line":28,"column":61}},"5":{"start":{"line":30,"column":8},"end":{"line":30,"column":809}},"6":{"start":{"line":31,"column":12},"end":{"line":31,"column":49}},"7":{"start":{"line":32,"column":12},"end":{"line":32,"column":74}},"8":{"start":{"line":33,"column":12},"end":{"line":33,"column":74}},"9":{"start":{"line":35,"column":8},"end":{"line":35,"column":72}},"10":{"start":{"line":36,"column":8},"end":{"line":36,"column":54}},"11":{"start":{"line":37,"column":8},"end":{"line":37,"column":97}},"12":{"start":{"line":55,"column":8},"end":{"line":55,"column":55}},"13":{"start":{"line":57,"column":8},"end":{"line":57,"column":51}},"14":{"start":{"line":59,"column":8},"end":{"line":59,"column":70}},"15":{"start":{"line":62,"column":8},"end":{"line":62,"column":2028}},"16":{"start":{"line":63,"column":12},"end":{"line":63,"column":91}},"17":{"start":{"line":64,"column":12},"end":{"line":64,"column":70}},"18":{"start":{"line":65,"column":12},"end":{"line":65,"column":76}},"19":{"start":{"line":66,"column":12},"end":{"line":66,"column":89}},"20":{"start":{"line":68,"column":12},"end":{"line":68,"column":101}},"21":{"start":{"line":70,"column":12},"end":{"line":70,"column":82}},"22":{"start":{"line":73,"column":8},"end":{"line":73,"column":70}},"23":{"start":{"line":74,"column":8},"end":{"line":74,"column":79}},"24":{"start":{"line":75,"column":8},"end":{"line":75,"column":2751}},"25":{"start":{"line":76,"column":12},"end":{"line":76,"column":2828}},"26":{"start":{"line":82,"column":8},"end":{"line":82,"column":3101}},"27":{"start":{"line":88,"column":8},"end":{"line":88,"column":62}},"28":{"start":{"line":89,"column":8},"end":{"line":89,"column":3377}},"29":{"start":{"line":90,"column":12},"end":{"line":90,"column":94}},"30":{"start":{"line":91,"column":12},"end":{"line":91,"column":3542}},"31":{"start":{"line":97,"column":16},"end":{"line":97,"column":118}},"32":{"start":{"line":99,"column":16},"end":{"line":99,"column":39}},"33":{"start":{"line":105,"column":8},"end":{"line":105,"column":46}}},"branchMap":{"1":{"line":62,"type":"if","locations":[{"start":{"line":62,"column":8},"end":{"line":62,"column":8}},{"start":{"line":62,"column":8},"end":{"line":62,"column":8}}]}}},"contracts/InvolicaResolver.sol":{"l":{"20":15,"21":15,"22":15,"23":15,"27":34,"28":34,"30":31,"32":31,"34":31,"35":31,"36":31,"37":31,"39":31,"40":34,"43":34,"44":34,"45":34,"48":31},"path":"/Users/roguerotkosky/Development/Involica/involica-contracts/contracts/InvolicaResolver.sol","s":{"1":15,"2":15,"3":15,"4":15,"5":34,"6":34,"7":3,"8":31,"9":31,"10":31,"11":31,"12":31,"13":31,"14":31,"15":34,"16":34,"17":34,"18":34,"19":31},"b":{"1":[3,31]},"f":{"1":15,"2":34},"fnMap":{"1":{"name":"constructor","line":15,"loc":{"start":{"line":15,"column":4},"end":{"line":24,"column":4}}},"2":{"name":"checkPositionExecutable","line":26,"loc":{"start":{"line":26,"column":4},"end":{"line":59,"column":4}}}},"statementMap":{"1":{"start":{"line":20,"column":8},"end":{"line":20,"column":38}},"2":{"start":{"line":21,"column":8},"end":{"line":21,"column":47}},"3":{"start":{"line":22,"column":8},"end":{"line":22,"column":31}},"4":{"start":{"line":23,"column":8},"end":{"line":23,"column":25}},"5":{"start":{"line":27,"column":8},"end":{"line":27,"column":88}},"6":{"start":{"line":28,"column":8},"end":{"line":28,"column":54}},"7":{"start":{"line":28,"column":22},"end":{"line":28,"column":54}},"8":{"start":{"line":30,"column":8},"end":{"line":30,"column":78}},"9":{"start":{"line":32,"column":8},"end":{"line":32,"column":72}},"10":{"start":{"line":34,"column":8},"end":{"line":34,"column":78}},"11":{"start":{"line":35,"column":8},"end":{"line":35,"column":32}},"12":{"start":{"line":36,"column":8},"end":{"line":36,"column":80}},"13":{"start":{"line":37,"column":8},"end":{"line":37,"column":72}},"14":{"start":{"line":39,"column":8},"end":{"line":39,"column":1367}},"15":{"start":{"line":40,"column":12},"end":{"line":40,"column":85}},"16":{"start":{"line":43,"column":12},"end":{"line":43,"column":156}},"17":{"start":{"line":44,"column":12},"end":{"line":44,"column":112}},"18":{"start":{"line":45,"column":12},"end":{"line":45,"column":73}},"19":{"start":{"line":48,"column":8},"end":{"line":48,"column":1929}}},"branchMap":{"1":{"line":28,"type":"if","locations":[{"start":{"line":28,"column":8},"end":{"line":28,"column":8}},{"start":{"line":28,"column":8},"end":{"line":28,"column":8}}]}}}}