{"contracts/Involica.sol":{"l":{"69":15,"70":15,"71":15,"73":15,"79":13,"80":10,"84":75,"96":56,"97":55,"98":54,"100":1,"107":60,"108":59,"110":59,"112":59,"116":7,"117":6,"118":5,"120":5,"124":8,"125":8,"126":8,"127":8,"139":55,"140":54,"141":53,"142":52,"144":51,"147":51,"150":49,"151":49,"154":49,"155":48,"157":47,"158":47,"159":47,"162":47,"163":47,"164":47,"165":47,"166":61,"167":61,"168":60,"169":59,"170":58,"171":57,"172":56,"173":54,"174":54,"183":40,"185":38,"188":38,"192":7,"194":7,"195":6,"196":5,"200":4,"205":3,"209":3,"212":3,"215":3,"218":3,"220":3,"226":100,"227":42,"229":39,"240":39,"241":39,"243":39,"248":66,"252":3,"253":3,"257":63,"260":2,"261":2,"264":61,"265":6,"267":1,"270":6,"271":6,"274":55,"278":14,"280":11,"281":11,"283":11,"284":11,"295":65,"297":64,"298":64,"299":63,"300":62,"303":62,"305":61,"306":61,"309":61,"311":61,"314":55,"317":55,"320":55,"323":55,"327":55,"328":55,"329":55,"334":55,"337":55,"338":55,"339":55,"340":55,"343":55,"344":55,"345":55,"346":55,"347":55,"348":75,"350":75,"351":1,"360":1,"363":74,"369":74,"370":5,"379":5,"382":69,"383":69,"385":69,"409":74,"412":69,"413":69,"415":5,"416":5,"421":55,"424":55,"425":55,"426":55,"427":75,"428":75,"429":75,"430":69,"435":54,"436":50,"437":50,"441":53,"442":6,"445":53,"451":2,"452":1,"453":1,"457":2,"458":1,"459":1,"460":1,"464":7,"465":6,"466":6,"470":6,"472":6,"476":10,"478":9,"479":15,"484":30,"486":30,"490":3,"492":2,"493":2,"502":2,"503":2,"507":3,"508":2,"509":1,"510":1,"516":59,"520":477,"524":53,"528":90,"532":5},"path":"/Users/roguerotkosky/Development/Involica/involica-contracts/contracts/Involica.sol","s":{"1":15,"2":15,"3":15,"4":15,"5":13,"6":75,"7":56,"8":1,"9":55,"10":54,"11":1,"12":60,"13":59,"14":59,"15":59,"16":7,"17":6,"18":5,"19":5,"20":8,"21":8,"22":8,"23":8,"24":55,"25":54,"26":53,"27":52,"28":51,"29":51,"30":49,"31":49,"32":49,"33":48,"34":47,"35":47,"36":47,"37":47,"38":47,"39":47,"40":61,"41":61,"42":60,"43":59,"44":58,"45":57,"46":56,"47":54,"48":54,"49":40,"50":38,"51":38,"52":7,"53":7,"54":6,"55":5,"56":4,"57":3,"58":3,"59":3,"60":3,"61":3,"62":3,"63":100,"64":58,"65":42,"66":3,"67":39,"68":39,"69":39,"70":39,"71":66,"72":3,"73":3,"74":63,"75":2,"76":2,"77":61,"78":6,"79":1,"80":6,"81":6,"82":55,"83":14,"84":3,"85":11,"86":11,"87":11,"88":11,"89":65,"90":64,"91":64,"92":63,"93":62,"94":62,"95":61,"96":61,"97":61,"98":61,"99":6,"100":55,"101":55,"102":55,"103":55,"104":55,"105":55,"106":55,"107":55,"108":55,"109":55,"110":55,"111":55,"112":55,"113":55,"114":55,"115":55,"116":55,"117":75,"118":75,"119":1,"120":74,"121":74,"122":5,"123":69,"124":69,"125":69,"126":74,"127":69,"128":69,"129":5,"130":5,"131":55,"132":55,"133":55,"134":55,"135":75,"136":75,"137":75,"138":69,"139":54,"140":50,"141":50,"142":53,"143":6,"144":53,"145":2,"146":1,"147":1,"148":2,"149":1,"150":1,"151":1,"152":7,"153":6,"154":6,"155":6,"156":5,"157":1,"158":6,"159":10,"160":9,"161":15,"162":30,"163":25,"164":5,"165":30,"166":3,"167":2,"168":2,"169":2,"170":2,"171":3,"172":2,"173":1,"174":1,"175":59,"176":477,"177":53,"178":90,"179":5},"b":{"1":[10,3],"2":[1,55],"3":[59,1],"4":[6,1],"5":[5,1],"6":[8,0],"7":[54,1],"8":[53,1],"9":[52,1],"10":[51,1],"11":[49,2],"12":[48,1],"13":[47,1],"14":[60,1],"15":[59,1],"16":[58,1],"17":[57,1],"18":[56,1],"19":[54,2],"20":[38,2],"21":[6,1],"22":[5,1],"23":[4,1],"24":[3,1],"25":[58,42],"26":[3,39],"27":[3,63],"28":[2,61],"29":[6,55],"30":[1,5],"31":[3,11],"32":[64,1],"33":[63,1],"34":[62,1],"35":[61,1],"36":[6,55],"37":[1,74],"38":[5,69],"39":[69,6],"40":[50,4],"41":[6,47],"42":[1,1],"43":[1,1],"44":[6,1],"45":[5,1],"46":[9,1],"47":[25,5],"48":[2,1],"49":[2,1],"50":[1,1]},"f":{"1":15,"2":13,"3":75,"4":56,"5":60,"6":7,"7":8,"8":55,"9":7,"10":3,"11":100,"12":66,"13":14,"14":65,"15":55,"16":55,"17":74,"18":55,"19":2,"20":2,"21":7,"22":6,"23":10,"24":30,"25":3,"26":2,"27":3,"28":59,"29":477,"30":53,"31":90,"32":5},"fnMap":{"1":{"name":"constructor","line":68,"loc":{"start":{"line":63,"column":4},"end":{"line":74,"column":4}}},"2":{"name":"positionExists","line":78,"loc":{"start":{"line":78,"column":4},"end":{"line":81,"column":4}}},"3":{"name":"_validPair","line":83,"loc":{"start":{"line":83,"column":4},"end":{"line":88,"column":4}}},"4":{"name":"_validRoute","line":90,"loc":{"start":{"line":90,"column":4},"end":{"line":102,"column":4}}},"5":{"name":"depositTreasury","line":106,"loc":{"start":{"line":106,"column":4},"end":{"line":113,"column":4}}},"6":{"name":"withdrawTreasury","line":115,"loc":{"start":{"line":115,"column":4},"end":{"line":121,"column":4}}},"7":{"name":"_withdrawTreasury","line":123,"loc":{"start":{"line":123,"column":4},"end":{"line":128,"column":4}}},"8":{"name":"setPosition","line":138,"loc":{"start":{"line":132,"column":4},"end":{"line":189,"column":4}}},"9":{"name":"reInitPosition","line":191,"loc":{"start":{"line":191,"column":4},"end":{"line":206,"column":4}}},"10":{"name":"exitPosition","line":208,"loc":{"start":{"line":208,"column":4},"end":{"line":221,"column":4}}},"11":{"name":"_checkAndInitializeTask","line":225,"loc":{"start":{"line":225,"column":4},"end":{"line":244,"column":4}}},"12":{"name":"_checkAndFinalizeTask","line":246,"loc":{"start":{"line":246,"column":4},"end":{"line":275,"column":4}}},"13":{"name":"_finalizeTask","line":277,"loc":{"start":{"line":277,"column":4},"end":{"line":285,"column":4}}},"14":{"name":"executeDCA","line":293,"loc":{"start":{"line":289,"column":4},"end":{"line":324,"column":4}}},"15":{"name":"_setupDCA","line":326,"loc":{"start":{"line":326,"column":4},"end":{"line":330,"column":4}}},"16":{"name":"_executeDCASwaps","line":332,"loc":{"start":{"line":332,"column":4},"end":{"line":395,"column":4}}},"17":{"name":"_swap","line":397,"loc":{"start":{"line":397,"column":4},"end":{"line":418,"column":4}}},"18":{"name":"_finalizeDCA","line":420,"loc":{"start":{"line":420,"column":4},"end":{"line":446,"column":4}}},"19":{"name":"setInvolicaTreasury","line":450,"loc":{"start":{"line":450,"column":4},"end":{"line":454,"column":4}}},"20":{"name":"setInvolicaTxFee","line":456,"loc":{"start":{"line":456,"column":4},"end":{"line":461,"column":4}}},"21":{"name":"setResolver","line":463,"loc":{"start":{"line":463,"column":4},"end":{"line":467,"column":4}}},"22":{"name":"setPaused","line":469,"loc":{"start":{"line":469,"column":4},"end":{"line":473,"column":4}}},"23":{"name":"setAllowedTokens","line":475,"loc":{"start":{"line":475,"column":4},"end":{"line":481,"column":4}}},"24":{"name":"_setAllowedToken","line":483,"loc":{"start":{"line":483,"column":4},"end":{"line":487,"column":4}}},"25":{"name":"setBlacklistedPairs","line":489,"loc":{"start":{"line":489,"column":4},"end":{"line":495,"column":4}}},"26":{"name":"_setBlacklistedPairs","line":497,"loc":{"start":{"line":497,"column":4},"end":{"line":504,"column":4}}},"27":{"name":"setMinSlippage","line":506,"loc":{"start":{"line":506,"column":4},"end":{"line":511,"column":4}}},"28":{"name":"fetchAllowedTokens","line":515,"loc":{"start":{"line":515,"column":4},"end":{"line":517,"column":4}}},"29":{"name":"fetchAllowedToken","line":519,"loc":{"start":{"line":519,"column":4},"end":{"line":521,"column":4}}},"30":{"name":"fetchUserTreasury","line":523,"loc":{"start":{"line":523,"column":4},"end":{"line":525,"column":4}}},"31":{"name":"fetchUserPosition","line":527,"loc":{"start":{"line":527,"column":4},"end":{"line":529,"column":4}}},"32":{"name":"fetchUserTxs","line":531,"loc":{"start":{"line":531,"column":4},"end":{"line":533,"column":4}}}},"statementMap":{"1":{"start":{"line":69,"column":8},"end":{"line":69,"column":43}},"2":{"start":{"line":70,"column":8},"end":{"line":70,"column":47}},"3":{"start":{"line":71,"column":8},"end":{"line":71,"column":19}},"4":{"start":{"line":73,"column":8},"end":{"line":73,"column":36}},"5":{"start":{"line":79,"column":8},"end":{"line":79,"column":87}},"6":{"start":{"line":84,"column":8},"end":{"line":84,"column":2533}},"7":{"start":{"line":96,"column":8},"end":{"line":96,"column":111}},"8":{"start":{"line":96,"column":99},"end":{"line":96,"column":111}},"9":{"start":{"line":97,"column":8},"end":{"line":97,"column":2956}},"10":{"start":{"line":98,"column":12},"end":{"line":98,"column":23}},"11":{"start":{"line":100,"column":12},"end":{"line":100,"column":24}},"12":{"start":{"line":107,"column":8},"end":{"line":107,"column":54}},"13":{"start":{"line":108,"column":8},"end":{"line":108,"column":46}},"14":{"start":{"line":110,"column":8},"end":{"line":110,"column":51}},"15":{"start":{"line":112,"column":8},"end":{"line":112,"column":53}},"16":{"start":{"line":116,"column":8},"end":{"line":116,"column":50}},"17":{"start":{"line":117,"column":8},"end":{"line":117,"column":69}},"18":{"start":{"line":118,"column":8},"end":{"line":118,"column":33}},"19":{"start":{"line":120,"column":8},"end":{"line":120,"column":54}},"20":{"start":{"line":124,"column":8},"end":{"line":124,"column":71}},"21":{"start":{"line":125,"column":8},"end":{"line":125,"column":46}},"22":{"start":{"line":126,"column":8},"end":{"line":126,"column":44}},"23":{"start":{"line":127,"column":8},"end":{"line":127,"column":50}},"24":{"start":{"line":139,"column":8},"end":{"line":139,"column":72}},"25":{"start":{"line":140,"column":8},"end":{"line":140,"column":56}},"26":{"start":{"line":141,"column":8},"end":{"line":141,"column":64}},"27":{"start":{"line":142,"column":8},"end":{"line":142,"column":62}},"28":{"start":{"line":144,"column":8},"end":{"line":144,"column":57}},"29":{"start":{"line":147,"column":8},"end":{"line":147,"column":72}},"30":{"start":{"line":150,"column":8},"end":{"line":150,"column":33}},"31":{"start":{"line":151,"column":8},"end":{"line":151,"column":34}},"32":{"start":{"line":154,"column":8},"end":{"line":154,"column":113}},"33":{"start":{"line":155,"column":8},"end":{"line":155,"column":105}},"34":{"start":{"line":157,"column":8},"end":{"line":157,"column":38}},"35":{"start":{"line":158,"column":8},"end":{"line":158,"column":42}},"36":{"start":{"line":159,"column":8},"end":{"line":159,"column":51}},"37":{"start":{"line":163,"column":8},"end":{"line":163,"column":30}},"38":{"start":{"line":164,"column":8},"end":{"line":164,"column":19}},"39":{"start":{"line":165,"column":8},"end":{"line":165,"column":5387}},"40":{"start":{"line":166,"column":12},"end":{"line":166,"column":31}},"41":{"start":{"line":167,"column":12},"end":{"line":167,"column":68}},"42":{"start":{"line":168,"column":12},"end":{"line":168,"column":71}},"43":{"start":{"line":169,"column":12},"end":{"line":169,"column":75}},"44":{"start":{"line":170,"column":12},"end":{"line":170,"column":75}},"45":{"start":{"line":171,"column":12},"end":{"line":171,"column":58}},"46":{"start":{"line":172,"column":12},"end":{"line":172,"column":93}},"47":{"start":{"line":173,"column":12},"end":{"line":173,"column":40}},"48":{"start":{"line":174,"column":12},"end":{"line":174,"column":5983}},"49":{"start":{"line":183,"column":8},"end":{"line":183,"column":67}},"50":{"start":{"line":185,"column":8},"end":{"line":185,"column":101}},"51":{"start":{"line":188,"column":8},"end":{"line":188,"column":53}},"52":{"start":{"line":192,"column":8},"end":{"line":192,"column":57}},"53":{"start":{"line":194,"column":8},"end":{"line":194,"column":73}},"54":{"start":{"line":195,"column":8},"end":{"line":195,"column":72}},"55":{"start":{"line":196,"column":8},"end":{"line":196,"column":6887}},"56":{"start":{"line":200,"column":8},"end":{"line":200,"column":7053}},"57":{"start":{"line":205,"column":8},"end":{"line":205,"column":40}},"58":{"start":{"line":209,"column":8},"end":{"line":209,"column":57}},"59":{"start":{"line":212,"column":8},"end":{"line":212,"column":52}},"60":{"start":{"line":215,"column":8},"end":{"line":215,"column":45}},"61":{"start":{"line":218,"column":8},"end":{"line":218,"column":33}},"62":{"start":{"line":220,"column":8},"end":{"line":220,"column":37}},"63":{"start":{"line":226,"column":8},"end":{"line":226,"column":48}},"64":{"start":{"line":226,"column":42},"end":{"line":226,"column":48}},"65":{"start":{"line":227,"column":8},"end":{"line":227,"column":50}},"66":{"start":{"line":227,"column":44},"end":{"line":227,"column":50}},"67":{"start":{"line":229,"column":8},"end":{"line":229,"column":7848}},"68":{"start":{"line":240,"column":8},"end":{"line":240,"column":40}},"69":{"start":{"line":241,"column":8},"end":{"line":241,"column":28}},"70":{"start":{"line":243,"column":8},"end":{"line":243,"column":61}},"71":{"start":{"line":248,"column":8},"end":{"line":248,"column":8529}},"72":{"start":{"line":252,"column":12},"end":{"line":252,"column":80}},"73":{"start":{"line":253,"column":12},"end":{"line":253,"column":23}},"74":{"start":{"line":257,"column":8},"end":{"line":257,"column":8861}},"75":{"start":{"line":260,"column":12},"end":{"line":260,"column":77}},"76":{"start":{"line":261,"column":12},"end":{"line":261,"column":23}},"77":{"start":{"line":264,"column":8},"end":{"line":264,"column":9123}},"78":{"start":{"line":265,"column":12},"end":{"line":265,"column":9225}},"79":{"start":{"line":267,"column":16},"end":{"line":267,"column":49}},"80":{"start":{"line":270,"column":12},"end":{"line":270,"column":58}},"81":{"start":{"line":271,"column":12},"end":{"line":271,"column":23}},"82":{"start":{"line":274,"column":8},"end":{"line":274,"column":20}},"83":{"start":{"line":278,"column":8},"end":{"line":278,"column":50}},"84":{"start":{"line":278,"column":44},"end":{"line":278,"column":50}},"85":{"start":{"line":280,"column":8},"end":{"line":280,"column":45}},"86":{"start":{"line":281,"column":8},"end":{"line":281,"column":68}},"87":{"start":{"line":283,"column":8},"end":{"line":283,"column":36}},"88":{"start":{"line":284,"column":8},"end":{"line":284,"column":45}},"89":{"start":{"line":295,"column":8},"end":{"line":295,"column":98}},"90":{"start":{"line":297,"column":8},"end":{"line":297,"column":52}},"91":{"start":{"line":298,"column":8},"end":{"line":298,"column":69}},"92":{"start":{"line":299,"column":8},"end":{"line":299,"column":92}},"93":{"start":{"line":300,"column":8},"end":{"line":300,"column":41}},"94":{"start":{"line":303,"column":8},"end":{"line":303,"column":86}},"95":{"start":{"line":305,"column":8},"end":{"line":305,"column":51}},"96":{"start":{"line":306,"column":8},"end":{"line":306,"column":35}},"97":{"start":{"line":309,"column":8},"end":{"line":309,"column":61}},"98":{"start":{"line":311,"column":8},"end":{"line":311,"column":29}},"99":{"start":{"line":311,"column":23},"end":{"line":311,"column":29}},"100":{"start":{"line":314,"column":8},"end":{"line":314,"column":35}},"101":{"start":{"line":317,"column":8},"end":{"line":317,"column":26}},"102":{"start":{"line":320,"column":8},"end":{"line":320,"column":52}},"103":{"start":{"line":323,"column":8},"end":{"line":323,"column":29}},"104":{"start":{"line":327,"column":8},"end":{"line":327,"column":98}},"105":{"start":{"line":328,"column":8},"end":{"line":328,"column":32}},"106":{"start":{"line":329,"column":8},"end":{"line":329,"column":27}},"107":{"start":{"line":334,"column":8},"end":{"line":334,"column":79}},"108":{"start":{"line":337,"column":8},"end":{"line":337,"column":36}},"109":{"start":{"line":338,"column":8},"end":{"line":338,"column":89}},"110":{"start":{"line":339,"column":8},"end":{"line":339,"column":41}},"111":{"start":{"line":340,"column":8},"end":{"line":340,"column":40}},"112":{"start":{"line":343,"column":8},"end":{"line":343,"column":32}},"113":{"start":{"line":344,"column":8},"end":{"line":344,"column":22}},"114":{"start":{"line":345,"column":8},"end":{"line":345,"column":35}},"115":{"start":{"line":346,"column":8},"end":{"line":346,"column":20}},"116":{"start":{"line":347,"column":8},"end":{"line":347,"column":12064}},"117":{"start":{"line":348,"column":12},"end":{"line":348,"column":75}},"118":{"start":{"line":350,"column":12},"end":{"line":350,"column":12212}},"119":{"start":{"line":351,"column":16},"end":{"line":351,"column":12250}},"120":{"start":{"line":363,"column":12},"end":{"line":363,"column":12625}},"121":{"start":{"line":369,"column":12},"end":{"line":369,"column":12876}},"122":{"start":{"line":370,"column":16},"end":{"line":370,"column":12911}},"123":{"start":{"line":382,"column":12},"end":{"line":382,"column":105}},"124":{"start":{"line":383,"column":12},"end":{"line":383,"column":46}},"125":{"start":{"line":385,"column":12},"end":{"line":385,"column":13443}},"126":{"start":{"line":409,"column":8},"end":{"line":409,"column":14043}},"127":{"start":{"line":412,"column":12},"end":{"line":412,"column":29}},"128":{"start":{"line":413,"column":12},"end":{"line":413,"column":22}},"129":{"start":{"line":415,"column":12},"end":{"line":415,"column":33}},"130":{"start":{"line":416,"column":12},"end":{"line":416,"column":21}},"131":{"start":{"line":421,"column":8},"end":{"line":421,"column":89}},"132":{"start":{"line":424,"column":8},"end":{"line":424,"column":71}},"133":{"start":{"line":425,"column":8},"end":{"line":425,"column":72}},"134":{"start":{"line":426,"column":8},"end":{"line":426,"column":14764}},"135":{"start":{"line":427,"column":12},"end":{"line":427,"column":50}},"136":{"start":{"line":428,"column":12},"end":{"line":428,"column":52}},"137":{"start":{"line":429,"column":12},"end":{"line":429,"column":14943}},"138":{"start":{"line":430,"column":16},"end":{"line":430,"column":72}},"139":{"start":{"line":435,"column":8},"end":{"line":435,"column":15093}},"140":{"start":{"line":436,"column":12},"end":{"line":436,"column":84}},"141":{"start":{"line":437,"column":12},"end":{"line":437,"column":93}},"142":{"start":{"line":441,"column":8},"end":{"line":441,"column":15372}},"143":{"start":{"line":442,"column":12},"end":{"line":442,"column":128}},"144":{"start":{"line":445,"column":8},"end":{"line":445,"column":115}},"145":{"start":{"line":451,"column":8},"end":{"line":451,"column":59}},"146":{"start":{"line":452,"column":8},"end":{"line":452,"column":35}},"147":{"start":{"line":453,"column":8},"end":{"line":453,"column":43}},"148":{"start":{"line":457,"column":8},"end":{"line":457,"column":45}},"149":{"start":{"line":458,"column":8},"end":{"line":458,"column":21}},"150":{"start":{"line":459,"column":8},"end":{"line":459,"column":27}},"151":{"start":{"line":460,"column":8},"end":{"line":460,"column":37}},"152":{"start":{"line":464,"column":8},"end":{"line":464,"column":59}},"153":{"start":{"line":465,"column":8},"end":{"line":465,"column":27}},"154":{"start":{"line":466,"column":8},"end":{"line":466,"column":35}},"155":{"start":{"line":470,"column":8},"end":{"line":470,"column":16511}},"156":{"start":{"line":470,"column":23},"end":{"line":470,"column":30}},"157":{"start":{"line":471,"column":13},"end":{"line":471,"column":22}},"158":{"start":{"line":472,"column":8},"end":{"line":472,"column":33}},"159":{"start":{"line":476,"column":8},"end":{"line":476,"column":68}},"160":{"start":{"line":478,"column":8},"end":{"line":478,"column":16772}},"161":{"start":{"line":479,"column":12},"end":{"line":479,"column":53}},"162":{"start":{"line":484,"column":8},"end":{"line":484,"column":17005}},"163":{"start":{"line":484,"column":22},"end":{"line":484,"column":46}},"164":{"start":{"line":485,"column":13},"end":{"line":485,"column":40}},"165":{"start":{"line":486,"column":8},"end":{"line":486,"column":46}},"166":{"start":{"line":490,"column":8},"end":{"line":490,"column":78}},"167":{"start":{"line":492,"column":8},"end":{"line":492,"column":17312}},"168":{"start":{"line":493,"column":12},"end":{"line":493,"column":85}},"169":{"start":{"line":502,"column":8},"end":{"line":502,"column":56}},"170":{"start":{"line":503,"column":8},"end":{"line":503,"column":63}},"171":{"start":{"line":507,"column":8},"end":{"line":507,"column":66}},"172":{"start":{"line":508,"column":8},"end":{"line":508,"column":62}},"173":{"start":{"line":509,"column":8},"end":{"line":509,"column":33}},"174":{"start":{"line":510,"column":8},"end":{"line":510,"column":41}},"175":{"start":{"line":516,"column":8},"end":{"line":516,"column":37}},"176":{"start":{"line":520,"column":8},"end":{"line":520,"column":34}},"177":{"start":{"line":524,"column":8},"end":{"line":524,"column":35}},"178":{"start":{"line":528,"column":8},"end":{"line":528,"column":30}},"179":{"start":{"line":532,"column":8},"end":{"line":532,"column":28}}},"branchMap":{"1":{"line":79,"type":"if","locations":[{"start":{"line":79,"column":8},"end":{"line":79,"column":8}},{"start":{"line":79,"column":8},"end":{"line":79,"column":8}}]},"2":{"line":96,"type":"if","locations":[{"start":{"line":96,"column":8},"end":{"line":96,"column":8}},{"start":{"line":96,"column":8},"end":{"line":96,"column":8}}]},"3":{"line":107,"type":"if","locations":[{"start":{"line":107,"column":8},"end":{"line":107,"column":8}},{"start":{"line":107,"column":8},"end":{"line":107,"column":8}}]},"4":{"line":116,"type":"if","locations":[{"start":{"line":116,"column":8},"end":{"line":116,"column":8}},{"start":{"line":116,"column":8},"end":{"line":116,"column":8}}]},"5":{"line":117,"type":"if","locations":[{"start":{"line":117,"column":8},"end":{"line":117,"column":8}},{"start":{"line":117,"column":8},"end":{"line":117,"column":8}}]},"6":{"line":125,"type":"if","locations":[{"start":{"line":125,"column":8},"end":{"line":125,"column":8}},{"start":{"line":125,"column":8},"end":{"line":125,"column":8}}]},"7":{"line":139,"type":"if","locations":[{"start":{"line":139,"column":8},"end":{"line":139,"column":8}},{"start":{"line":139,"column":8},"end":{"line":139,"column":8}}]},"8":{"line":140,"type":"if","locations":[{"start":{"line":140,"column":8},"end":{"line":140,"column":8}},{"start":{"line":140,"column":8},"end":{"line":140,"column":8}}]},"9":{"line":141,"type":"if","locations":[{"start":{"line":141,"column":8},"end":{"line":141,"column":8}},{"start":{"line":141,"column":8},"end":{"line":141,"column":8}}]},"10":{"line":142,"type":"if","locations":[{"start":{"line":142,"column":8},"end":{"line":142,"column":8}},{"start":{"line":142,"column":8},"end":{"line":142,"column":8}}]},"11":{"line":147,"type":"if","locations":[{"start":{"line":147,"column":8},"end":{"line":147,"column":8}},{"start":{"line":147,"column":8},"end":{"line":147,"column":8}}]},"12":{"line":154,"type":"if","locations":[{"start":{"line":154,"column":8},"end":{"line":154,"column":8}},{"start":{"line":154,"column":8},"end":{"line":154,"column":8}}]},"13":{"line":155,"type":"if","locations":[{"start":{"line":155,"column":8},"end":{"line":155,"column":8}},{"start":{"line":155,"column":8},"end":{"line":155,"column":8}}]},"14":{"line":167,"type":"if","locations":[{"start":{"line":167,"column":12},"end":{"line":167,"column":12}},{"start":{"line":167,"column":12},"end":{"line":167,"column":12}}]},"15":{"line":168,"type":"if","locations":[{"start":{"line":168,"column":12},"end":{"line":168,"column":12}},{"start":{"line":168,"column":12},"end":{"line":168,"column":12}}]},"16":{"line":169,"type":"if","locations":[{"start":{"line":169,"column":12},"end":{"line":169,"column":12}},{"start":{"line":169,"column":12},"end":{"line":169,"column":12}}]},"17":{"line":170,"type":"if","locations":[{"start":{"line":170,"column":12},"end":{"line":170,"column":12}},{"start":{"line":170,"column":12},"end":{"line":170,"column":12}}]},"18":{"line":171,"type":"if","locations":[{"start":{"line":171,"column":12},"end":{"line":171,"column":12}},{"start":{"line":171,"column":12},"end":{"line":171,"column":12}}]},"19":{"line":172,"type":"if","locations":[{"start":{"line":172,"column":12},"end":{"line":172,"column":12}},{"start":{"line":172,"column":12},"end":{"line":172,"column":12}}]},"20":{"line":183,"type":"if","locations":[{"start":{"line":183,"column":8},"end":{"line":183,"column":8}},{"start":{"line":183,"column":8},"end":{"line":183,"column":8}}]},"21":{"line":194,"type":"if","locations":[{"start":{"line":194,"column":8},"end":{"line":194,"column":8}},{"start":{"line":194,"column":8},"end":{"line":194,"column":8}}]},"22":{"line":195,"type":"if","locations":[{"start":{"line":195,"column":8},"end":{"line":195,"column":8}},{"start":{"line":195,"column":8},"end":{"line":195,"column":8}}]},"23":{"line":196,"type":"if","locations":[{"start":{"line":196,"column":8},"end":{"line":196,"column":8}},{"start":{"line":196,"column":8},"end":{"line":196,"column":8}}]},"24":{"line":200,"type":"if","locations":[{"start":{"line":200,"column":8},"end":{"line":200,"column":8}},{"start":{"line":200,"column":8},"end":{"line":200,"column":8}}]},"25":{"line":226,"type":"if","locations":[{"start":{"line":226,"column":8},"end":{"line":226,"column":8}},{"start":{"line":226,"column":8},"end":{"line":226,"column":8}}]},"26":{"line":227,"type":"if","locations":[{"start":{"line":227,"column":8},"end":{"line":227,"column":8}},{"start":{"line":227,"column":8},"end":{"line":227,"column":8}}]},"27":{"line":248,"type":"if","locations":[{"start":{"line":248,"column":8},"end":{"line":248,"column":8}},{"start":{"line":248,"column":8},"end":{"line":248,"column":8}}]},"28":{"line":257,"type":"if","locations":[{"start":{"line":257,"column":8},"end":{"line":257,"column":8}},{"start":{"line":257,"column":8},"end":{"line":257,"column":8}}]},"29":{"line":264,"type":"if","locations":[{"start":{"line":264,"column":8},"end":{"line":264,"column":8}},{"start":{"line":264,"column":8},"end":{"line":264,"column":8}}]},"30":{"line":265,"type":"if","locations":[{"start":{"line":265,"column":12},"end":{"line":265,"column":12}},{"start":{"line":265,"column":12},"end":{"line":265,"column":12}}]},"31":{"line":278,"type":"if","locations":[{"start":{"line":278,"column":8},"end":{"line":278,"column":8}},{"start":{"line":278,"column":8},"end":{"line":278,"column":8}}]},"32":{"line":295,"type":"if","locations":[{"start":{"line":295,"column":8},"end":{"line":295,"column":8}},{"start":{"line":295,"column":8},"end":{"line":295,"column":8}}]},"33":{"line":298,"type":"if","locations":[{"start":{"line":298,"column":8},"end":{"line":298,"column":8}},{"start":{"line":298,"column":8},"end":{"line":298,"column":8}}]},"34":{"line":299,"type":"if","locations":[{"start":{"line":299,"column":8},"end":{"line":299,"column":8}},{"start":{"line":299,"column":8},"end":{"line":299,"column":8}}]},"35":{"line":303,"type":"if","locations":[{"start":{"line":303,"column":8},"end":{"line":303,"column":8}},{"start":{"line":303,"column":8},"end":{"line":303,"column":8}}]},"36":{"line":311,"type":"if","locations":[{"start":{"line":311,"column":8},"end":{"line":311,"column":8}},{"start":{"line":311,"column":8},"end":{"line":311,"column":8}}]},"37":{"line":350,"type":"if","locations":[{"start":{"line":350,"column":12},"end":{"line":350,"column":12}},{"start":{"line":350,"column":12},"end":{"line":350,"column":12}}]},"38":{"line":369,"type":"if","locations":[{"start":{"line":369,"column":12},"end":{"line":369,"column":12}},{"start":{"line":369,"column":12},"end":{"line":369,"column":12}}]},"39":{"line":429,"type":"if","locations":[{"start":{"line":429,"column":12},"end":{"line":429,"column":12}},{"start":{"line":429,"column":12},"end":{"line":429,"column":12}}]},"40":{"line":435,"type":"if","locations":[{"start":{"line":435,"column":8},"end":{"line":435,"column":8}},{"start":{"line":435,"column":8},"end":{"line":435,"column":8}}]},"41":{"line":441,"type":"if","locations":[{"start":{"line":441,"column":8},"end":{"line":441,"column":8}},{"start":{"line":441,"column":8},"end":{"line":441,"column":8}}]},"42":{"line":451,"type":"if","locations":[{"start":{"line":451,"column":8},"end":{"line":451,"column":8}},{"start":{"line":451,"column":8},"end":{"line":451,"column":8}}]},"43":{"line":457,"type":"if","locations":[{"start":{"line":457,"column":8},"end":{"line":457,"column":8}},{"start":{"line":457,"column":8},"end":{"line":457,"column":8}}]},"44":{"line":464,"type":"if","locations":[{"start":{"line":464,"column":8},"end":{"line":464,"column":8}},{"start":{"line":464,"column":8},"end":{"line":464,"column":8}}]},"45":{"line":470,"type":"if","locations":[{"start":{"line":470,"column":8},"end":{"line":470,"column":8}},{"start":{"line":470,"column":8},"end":{"line":470,"column":8}}]},"46":{"line":476,"type":"if","locations":[{"start":{"line":476,"column":8},"end":{"line":476,"column":8}},{"start":{"line":476,"column":8},"end":{"line":476,"column":8}}]},"47":{"line":484,"type":"if","locations":[{"start":{"line":484,"column":8},"end":{"line":484,"column":8}},{"start":{"line":484,"column":8},"end":{"line":484,"column":8}}]},"48":{"line":490,"type":"if","locations":[{"start":{"line":490,"column":8},"end":{"line":490,"column":8}},{"start":{"line":490,"column":8},"end":{"line":490,"column":8}}]},"49":{"line":507,"type":"if","locations":[{"start":{"line":507,"column":8},"end":{"line":507,"column":8}},{"start":{"line":507,"column":8},"end":{"line":507,"column":8}}]},"50":{"line":508,"type":"if","locations":[{"start":{"line":508,"column":8},"end":{"line":508,"column":8}},{"start":{"line":508,"column":8},"end":{"line":508,"column":8}}]}}},"contracts/InvolicaFetcher.sol":{"l":{"13":15,"14":15,"26":2,"27":2,"28":2,"29":2,"30":6,"47":53,"49":53,"51":53,"54":53,"55":47,"56":47,"57":47,"58":47,"61":53,"62":53,"63":159,"72":1},"path":"/Users/roguerotkosky/Development/Involica/involica-contracts/contracts/InvolicaFetcher.sol","s":{"1":15,"2":15,"3":2,"4":2,"5":2,"6":2,"7":6,"8":53,"9":53,"10":53,"11":53,"12":47,"13":47,"14":47,"15":47,"16":53,"17":53,"18":159,"19":1},"b":{"1":[47,6]},"f":{"1":15,"2":2,"3":53,"4":1},"fnMap":{"1":{"name":"constructor","line":12,"loc":{"start":{"line":12,"column":4},"end":{"line":15,"column":4}}},"2":{"name":"fetchTokensData","line":17,"loc":{"start":{"line":17,"column":4},"end":{"line":32,"column":4}}},"3":{"name":"fetchUserData","line":34,"loc":{"start":{"line":34,"column":4},"end":{"line":69,"column":4}}},"4":{"name":"fetchPairRoute","line":71,"loc":{"start":{"line":71,"column":4},"end":{"line":73,"column":4}}}},"statementMap":{"1":{"start":{"line":13,"column":8},"end":{"line":13,"column":38}},"2":{"start":{"line":14,"column":8},"end":{"line":14,"column":31}},"3":{"start":{"line":26,"column":8},"end":{"line":26,"column":45}},"4":{"start":{"line":27,"column":8},"end":{"line":27,"column":44}},"5":{"start":{"line":28,"column":8},"end":{"line":28,"column":46}},"6":{"start":{"line":29,"column":8},"end":{"line":29,"column":742}},"7":{"start":{"line":30,"column":12},"end":{"line":30,"column":66}},"8":{"start":{"line":47,"column":8},"end":{"line":47,"column":55}},"9":{"start":{"line":49,"column":8},"end":{"line":49,"column":51}},"10":{"start":{"line":51,"column":8},"end":{"line":51,"column":47}},"11":{"start":{"line":54,"column":8},"end":{"line":54,"column":1468}},"12":{"start":{"line":55,"column":12},"end":{"line":55,"column":87}},"13":{"start":{"line":56,"column":12},"end":{"line":56,"column":70}},"14":{"start":{"line":57,"column":12},"end":{"line":57,"column":76}},"15":{"start":{"line":58,"column":12},"end":{"line":58,"column":89}},"16":{"start":{"line":61,"column":8},"end":{"line":61,"column":91}},"17":{"start":{"line":62,"column":8},"end":{"line":62,"column":1937}},"18":{"start":{"line":63,"column":12},"end":{"line":63,"column":2008}},"19":{"start":{"line":72,"column":8},"end":{"line":72,"column":46}}},"branchMap":{"1":{"line":54,"type":"if","locations":[{"start":{"line":54,"column":8},"end":{"line":54,"column":8}},{"start":{"line":54,"column":8},"end":{"line":54,"column":8}}]}}},"contracts/InvolicaResolver.sol":{"l":{"14":15,"15":15,"16":15,"25":37,"27":37,"28":36,"29":35,"30":34,"32":34,"33":34,"34":34,"35":37,"39":37,"42":34},"path":"/Users/roguerotkosky/Development/Involica/involica-contracts/contracts/InvolicaResolver.sol","s":{"1":15,"2":15,"3":15,"4":37,"5":37,"6":1,"7":36,"8":1,"9":35,"10":1,"11":34,"12":34,"13":34,"14":34,"15":37,"16":37,"17":34},"b":{"1":[1,36],"2":[1,35],"3":[1,34]},"f":{"1":15,"2":37},"fnMap":{"1":{"name":"constructor","line":13,"loc":{"start":{"line":13,"column":4},"end":{"line":17,"column":4}}},"2":{"name":"checkPositionExecutable","line":20,"loc":{"start":{"line":20,"column":4},"end":{"line":47,"column":4}}}},"statementMap":{"1":{"start":{"line":14,"column":8},"end":{"line":14,"column":38}},"2":{"start":{"line":15,"column":8},"end":{"line":15,"column":47}},"3":{"start":{"line":16,"column":8},"end":{"line":16,"column":25}},"4":{"start":{"line":25,"column":8},"end":{"line":25,"column":78}},"5":{"start":{"line":27,"column":8},"end":{"line":27,"column":121}},"6":{"start":{"line":27,"column":69},"end":{"line":27,"column":121}},"7":{"start":{"line":28,"column":8},"end":{"line":28,"column":112}},"8":{"start":{"line":28,"column":73},"end":{"line":28,"column":112}},"9":{"start":{"line":29,"column":8},"end":{"line":29,"column":118}},"10":{"start":{"line":29,"column":76},"end":{"line":29,"column":118}},"11":{"start":{"line":30,"column":8},"end":{"line":30,"column":21}},"12":{"start":{"line":32,"column":8},"end":{"line":32,"column":32}},"13":{"start":{"line":33,"column":8},"end":{"line":33,"column":80}},"14":{"start":{"line":34,"column":8},"end":{"line":34,"column":1271}},"15":{"start":{"line":35,"column":12},"end":{"line":35,"column":1340}},"16":{"start":{"line":39,"column":12},"end":{"line":39,"column":112}},"17":{"start":{"line":42,"column":8},"end":{"line":42,"column":1630}}},"branchMap":{"1":{"line":27,"type":"if","locations":[{"start":{"line":27,"column":8},"end":{"line":27,"column":8}},{"start":{"line":27,"column":8},"end":{"line":27,"column":8}}]},"2":{"line":28,"type":"if","locations":[{"start":{"line":28,"column":8},"end":{"line":28,"column":8}},{"start":{"line":28,"column":8},"end":{"line":28,"column":8}}]},"3":{"line":29,"type":"if","locations":[{"start":{"line":29,"column":8},"end":{"line":29,"column":8}},{"start":{"line":29,"column":8},"end":{"line":29,"column":8}}]}}}}