{
"contracts/Involica.sol":{"l":{"70":12,"71":12,"72":12,"74":12,"80":13,"81":10,"85":75,"97":56,"98":55,"99":54,"101":1,"108":59,"109":58,"111":58,"113":58,"117":7,"118":6,"119":5,"121":5,"125":8,"126":8,"127":8,"128":8,"140":54,"141":53,"142":52,"144":51,"145":51,"148":51,"151":49,"152":49,"155":49,"156":48,"158":47,"159":47,"160":47,"163":47,"164":47,"165":47,"166":47,"167":61,"168":61,"169":60,"170":59,"171":58,"172":57,"173":56,"174":54,"175":54,"184":40,"186":38,"189":38,"193":7,"195":7,"196":6,"197":5,"201":4,"206":3,"210":3,"213":3,"216":3,"219":3,"220":3,"222":3,"228":99,"229":42,"231":39,"242":39,"243":39,"245":39,"250":66,"254":3,"255":3,"259":63,"262":2,"263":2,"266":61,"267":6,"269":1,"272":6,"273":6,"276":55,"280":14,"282":11,"283":11,"284":11,"286":11,"297":65,"299":64,"300":64,"301":63,"302":62,"305":62,"307":61,"308":61,"311":61,"313":61,"316":55,"319":55,"322":55,"325":55,"329":55,"330":55,"331":55,"336":55,"339":55,"340":55,"341":55,"342":55,"345":55,"346":55,"347":55,"348":55,"349":55,"350":75,"352":75,"353":1,"362":1,"365":74,"371":74,"372":5,"381":5,"384":69,"385":69,"387":69,"411":74,"414":69,"415":69,"417":5,"418":5,"423":55,"426":55,"427":55,"428":55,"429":75,"430":75,"431":75,"432":69,"437":54,"438":50,"439":50,"443":53,"444":6,"447":53,"453":2,"454":1,"455":1,"459":2,"460":1,"461":1,"462":1,"466":4,"467":3,"468":3,"472":6,"474":6,"478":9,"480":8,"481":13,"486":25,"488":25,"492":3,"494":2,"495":2,"504":2,"505":2,"509":3,"510":2,"511":1,"512":1,"518":4,"535":56,"537":56,"539":56,"542":56,"543":50,"544":50,"545":50,"546":50,"549":56,"551":56,"552":56,"553":167,"562":37},"path":"/Users/roguerotkosky/Development/Involica/involica-contracts/contracts/Involica.sol","s":{"1":12,"2":12,"3":12,"4":12,"5":13,"6":75,"7":56,"8":1,"9":55,"10":54,"11":1,"12":59,"13":58,"14":58,"15":58,"16":7,"17":6,"18":5,"19":5,"20":8,"21":8,"22":8,"23":8,"24":54,"25":53,"26":52,"27":51,"28":51,"29":51,"30":49,"31":49,"32":49,"33":48,"34":47,"35":47,"36":47,"37":47,"38":47,"39":47,"40":61,"41":61,"42":60,"43":59,"44":58,"45":57,"46":56,"47":54,"48":54,"49":40,"50":38,"51":38,"52":7,"53":7,"54":6,"55":5,"56":4,"57":3,"58":3,"59":3,"60":3,"61":3,"62":3,"63":3,"64":99,"65":57,"66":42,"67":3,"68":39,"69":39,"70":39,"71":39,"72":66,"73":3,"74":3,"75":63,"76":2,"77":2,"78":61,"79":6,"80":1,"81":6,"82":6,"83":55,"84":14,"85":3,"86":11,"87":11,"88":11,"89":11,"90":65,"91":64,"92":64,"93":63,"94":62,"95":62,"96":61,"97":61,"98":61,"99":61,"100":6,"101":55,"102":55,"103":55,"104":55,"105":55,"106":55,"107":55,"108":55,"109":55,"110":55,"111":55,"112":55,"113":55,"114":55,"115":55,"116":55,"117":55,"118":75,"119":75,"120":1,"121":74,"122":74,"123":5,"124":69,"125":69,"126":69,"127":74,"128":69,"129":69,"130":5,"131":5,"132":55,"133":55,"134":55,"135":55,"136":75,"137":75,"138":75,"139":69,"140":54,"141":50,"142":50,"143":53,"144":6,"145":53,"146":2,"147":1,"148":1,"149":2,"150":1,"151":1,"152":1,"153":4,"154":3,"155":3,"156":6,"157":5,"158":1,"159":6,"160":9,"161":8,"162":13,"163":25,"164":20,"165":5,"166":25,"167":3,"168":2,"169":2,"170":2,"171":2,"172":3,"173":2,"174":1,"175":1,"176":4,"177":56,"178":56,"179":56,"180":56,"181":50,"182":50,"183":50,"184":50,"185":56,"186":56,"187":56,"188":167,"189":37},"b":{"1":[10,3],"2":[1,55],"3":[58,1],"4":[6,1],"5":[5,1],"6":[8,0],"7":[53,1],"8":[52,1],"9":[51,1],"10":[49,2],"11":[48,1],"12":[47,1],"13":[60,1],"14":[59,1],"15":[58,1],"16":[57,1],"17":[56,1],"18":[54,2],"19":[38,2],"20":[6,1],"21":[5,1],"22":[4,1],"23":[3,1],"24":[57,42],"25":[3,39],"26":[3,63],"27":[2,61],"28":[6,55],"29":[1,5],"30":[3,11],"31":[64,1],"32":[63,1],"33":[62,1],"34":[61,1],"35":[6,55],"36":[1,74],"37":[5,69],"38":[69,6],"39":[50,4],"40":[6,47],"41":[1,1],"42":[1,1],"43":[3,1],"44":[5,1],"45":[8,1],"46":[20,5],"47":[2,1],"48":[2,1],"49":[1,1],"50":[50,6]},"f":{"1":12,"2":13,"3":75,"4":56,"5":59,"6":7,"7":8,"8":54,"9":7,"10":3,"11":99,"12":66,"13":14,"14":65,"15":55,"16":55,"17":74,"18":55,"19":2,"20":2,"21":4,"22":6,"23":9,"24":25,"25":3,"26":2,"27":3,"28":4,"29":56,"30":37},"fnMap":{"1":{"name":"constructor","line":69,"loc":{"start":{"line":64,"column":4},"end":{"line":75,"column":4}}},"2":{"name":"positionExists","line":79,"loc":{"start":{"line":79,"column":4},"end":{"line":82,"column":4}}},"3":{"name":"_validPair","line":84,"loc":{"start":{"line":84,"column":4},"end":{"line":89,"column":4}}},"4":{"name":"_validRoute","line":91,"loc":{"start":{"line":91,"column":4},"end":{"line":103,"column":4}}},"5":{"name":"depositTreasury","line":107,"loc":{"start":{"line":107,"column":4},"end":{"line":114,"column":4}}},"6":{"name":"withdrawTreasury","line":116,"loc":{"start":{"line":116,"column":4},"end":{"line":122,"column":4}}},"7":{"name":"_withdrawTreasury","line":124,"loc":{"start":{"line":124,"column":4},"end":{"line":129,"column":4}}},"8":{"name":"setPosition","line":139,"loc":{"start":{"line":133,"column":4},"end":{"line":190,"column":4}}},"9":{"name":"reInitPosition","line":192,"loc":{"start":{"line":192,"column":4},"end":{"line":207,"column":4}}},"10":{"name":"exitPosition","line":209,"loc":{"start":{"line":209,"column":4},"end":{"line":223,"column":4}}},"11":{"name":"_checkAndInitializeTask","line":227,"loc":{"start":{"line":227,"column":4},"end":{"line":246,"column":4}}},"12":{"name":"_checkAndFinalizeTask","line":248,"loc":{"start":{"line":248,"column":4},"end":{"line":277,"column":4}}},"13":{"name":"_finalizeTask","line":279,"loc":{"start":{"line":279,"column":4},"end":{"line":287,"column":4}}},"14":{"name":"executeDCA","line":295,"loc":{"start":{"line":291,"column":4},"end":{"line":326,"column":4}}},"15":{"name":"_setupDCA","line":328,"loc":{"start":{"line":328,"column":4},"end":{"line":332,"column":4}}},"16":{"name":"_executeDCASwaps","line":334,"loc":{"start":{"line":334,"column":4},"end":{"line":397,"column":4}}},"17":{"name":"_swap","line":399,"loc":{"start":{"line":399,"column":4},"end":{"line":420,"column":4}}},"18":{"name":"_finalizeDCA","line":422,"loc":{"start":{"line":422,"column":4},"end":{"line":448,"column":4}}},"19":{"name":"setInvolicaTreasury","line":452,"loc":{"start":{"line":452,"column":4},"end":{"line":456,"column":4}}},"20":{"name":"setInvolicaTxFee","line":458,"loc":{"start":{"line":458,"column":4},"end":{"line":463,"column":4}}},"21":{"name":"setResolver","line":465,"loc":{"start":{"line":465,"column":4},"end":{"line":469,"column":4}}},"22":{"name":"setPaused","line":471,"loc":{"start":{"line":471,"column":4},"end":{"line":475,"column":4}}},"23":{"name":"setAllowedTokens","line":477,"loc":{"start":{"line":477,"column":4},"end":{"line":483,"column":4}}},"24":{"name":"_setAllowedToken","line":485,"loc":{"start":{"line":485,"column":4},"end":{"line":489,"column":4}}},"25":{"name":"setBlacklistedPairs","line":491,"loc":{"start":{"line":491,"column":4},"end":{"line":497,"column":4}}},"26":{"name":"_setBlacklistedPairs","line":499,"loc":{"start":{"line":499,"column":4},"end":{"line":506,"column":4}}},"27":{"name":"setMinSlippage","line":508,"loc":{"start":{"line":508,"column":4},"end":{"line":513,"column":4}}},"28":{"name":"fetchAllowedTokens","line":517,"loc":{"start":{"line":517,"column":4},"end":{"line":519,"column":4}}},"29":{"name":"fetchUserData","line":521,"loc":{"start":{"line":521,"column":4},"end":{"line":559,"column":4}}},"30":{"name":"fetchPosition","line":561,"loc":{"start":{"line":561,"column":4},"end":{"line":563,"column":4}}}},"statementMap":{"1":{"start":{"line":70,"column":8},"end":{"line":70,"column":43}},"2":{"start":{"line":71,"column":8},"end":{"line":71,"column":47}},"3":{"start":{"line":72,"column":8},"end":{"line":72,"column":19}},"4":{"start":{"line":74,"column":8},"end":{"line":74,"column":36}},"5":{"start":{"line":80,"column":8},"end":{"line":80,"column":87}},"6":{"start":{"line":85,"column":8},"end":{"line":85,"column":2582}},"7":{"start":{"line":97,"column":8},"end":{"line":97,"column":111}},"8":{"start":{"line":97,"column":99},"end":{"line":97,"column":111}},"9":{"start":{"line":98,"column":8},"end":{"line":98,"column":3008}},"10":{"start":{"line":99,"column":12},"end":{"line":99,"column":23}},"11":{"start":{"line":101,"column":12},"end":{"line":101,"column":24}},"12":{"start":{"line":108,"column":8},"end":{"line":108,"column":54}},"13":{"start":{"line":109,"column":8},"end":{"line":109,"column":46}},"14":{"start":{"line":111,"column":8},"end":{"line":111,"column":51}},"15":{"start":{"line":113,"column":8},"end":{"line":113,"column":53}},"16":{"start":{"line":117,"column":8},"end":{"line":117,"column":50}},"17":{"start":{"line":118,"column":8},"end":{"line":118,"column":69}},"18":{"start":{"line":119,"column":8},"end":{"line":119,"column":33}},"19":{"start":{"line":121,"column":8},"end":{"line":121,"column":54}},"20":{"start":{"line":125,"column":8},"end":{"line":125,"column":71}},"21":{"start":{"line":126,"column":8},"end":{"line":126,"column":46}},"22":{"start":{"line":127,"column":8},"end":{"line":127,"column":44}},"23":{"start":{"line":128,"column":8},"end":{"line":128,"column":50}},"24":{"start":{"line":140,"column":8},"end":{"line":140,"column":72}},"25":{"start":{"line":141,"column":8},"end":{"line":141,"column":56}},"26":{"start":{"line":142,"column":8},"end":{"line":142,"column":64}},"27":{"start":{"line":144,"column":8},"end":{"line":144,"column":41}},"28":{"start":{"line":145,"column":8},"end":{"line":145,"column":57}},"29":{"start":{"line":148,"column":8},"end":{"line":148,"column":72}},"30":{"start":{"line":151,"column":8},"end":{"line":151,"column":33}},"31":{"start":{"line":152,"column":8},"end":{"line":152,"column":34}},"32":{"start":{"line":155,"column":8},"end":{"line":155,"column":113}},"33":{"start":{"line":156,"column":8},"end":{"line":156,"column":105}},"34":{"start":{"line":158,"column":8},"end":{"line":158,"column":38}},"35":{"start":{"line":159,"column":8},"end":{"line":159,"column":42}},"36":{"start":{"line":160,"column":8},"end":{"line":160,"column":51}},"37":{"start":{"line":164,"column":8},"end":{"line":164,"column":30}},"38":{"start":{"line":165,"column":8},"end":{"line":165,"column":19}},"39":{"start":{"line":166,"column":8},"end":{"line":166,"column":5421}},"40":{"start":{"line":167,"column":12},"end":{"line":167,"column":31}},"41":{"start":{"line":168,"column":12},"end":{"line":168,"column":68}},"42":{"start":{"line":169,"column":12},"end":{"line":169,"column":71}},"43":{"start":{"line":170,"column":12},"end":{"line":170,"column":75}},"44":{"start":{"line":171,"column":12},"end":{"line":171,"column":75}},"45":{"start":{"line":172,"column":12},"end":{"line":172,"column":58}},"46":{"start":{"line":173,"column":12},"end":{"line":173,"column":93}},"47":{"start":{"line":174,"column":12},"end":{"line":174,"column":40}},"48":{"start":{"line":175,"column":12},"end":{"line":175,"column":6017}},"49":{"start":{"line":184,"column":8},"end":{"line":184,"column":67}},"50":{"start":{"line":186,"column":8},"end":{"line":186,"column":101}},"51":{"start":{"line":189,"column":8},"end":{"line":189,"column":53}},"52":{"start":{"line":193,"column":8},"end":{"line":193,"column":57}},"53":{"start":{"line":195,"column":8},"end":{"line":195,"column":73}},"54":{"start":{"line":196,"column":8},"end":{"line":196,"column":72}},"55":{"start":{"line":197,"column":8},"end":{"line":197,"column":6921}},"56":{"start":{"line":201,"column":8},"end":{"line":201,"column":7087}},"57":{"start":{"line":206,"column":8},"end":{"line":206,"column":40}},"58":{"start":{"line":210,"column":8},"end":{"line":210,"column":57}},"59":{"start":{"line":213,"column":8},"end":{"line":213,"column":52}},"60":{"start":{"line":216,"column":8},"end":{"line":216,"column":45}},"61":{"start":{"line":219,"column":8},"end":{"line":219,"column":33}},"62":{"start":{"line":220,"column":8},"end":{"line":220,"column":44}},"63":{"start":{"line":222,"column":8},"end":{"line":222,"column":37}},"64":{"start":{"line":228,"column":8},"end":{"line":228,"column":48}},"65":{"start":{"line":228,"column":42},"end":{"line":228,"column":48}},"66":{"start":{"line":229,"column":8},"end":{"line":229,"column":50}},"67":{"start":{"line":229,"column":44},"end":{"line":229,"column":50}},"68":{"start":{"line":231,"column":8},"end":{"line":231,"column":7929}},"69":{"start":{"line":242,"column":8},"end":{"line":242,"column":40}},"70":{"start":{"line":243,"column":8},"end":{"line":243,"column":28}},"71":{"start":{"line":245,"column":8},"end":{"line":245,"column":61}},"72":{"start":{"line":250,"column":8},"end":{"line":250,"column":8610}},"73":{"start":{"line":254,"column":12},"end":{"line":254,"column":80}},"74":{"start":{"line":255,"column":12},"end":{"line":255,"column":23}},"75":{"start":{"line":259,"column":8},"end":{"line":259,"column":8942}},"76":{"start":{"line":262,"column":12},"end":{"line":262,"column":77}},"77":{"start":{"line":263,"column":12},"end":{"line":263,"column":23}},"78":{"start":{"line":266,"column":8},"end":{"line":266,"column":9204}},"79":{"start":{"line":267,"column":12},"end":{"line":267,"column":9306}},"80":{"start":{"line":269,"column":16},"end":{"line":269,"column":49}},"81":{"start":{"line":272,"column":12},"end":{"line":272,"column":58}},"82":{"start":{"line":273,"column":12},"end":{"line":273,"column":23}},"83":{"start":{"line":276,"column":8},"end":{"line":276,"column":20}},"84":{"start":{"line":280,"column":8},"end":{"line":280,"column":50}},"85":{"start":{"line":280,"column":44},"end":{"line":280,"column":50}},"86":{"start":{"line":282,"column":8},"end":{"line":282,"column":45}},"87":{"start":{"line":283,"column":8},"end":{"line":283,"column":36}},"88":{"start":{"line":284,"column":8},"end":{"line":284,"column":45}},"89":{"start":{"line":286,"column":8},"end":{"line":286,"column":50}},"90":{"start":{"line":297,"column":8},"end":{"line":297,"column":98}},"91":{"start":{"line":299,"column":8},"end":{"line":299,"column":52}},"92":{"start":{"line":300,"column":8},"end":{"line":300,"column":69}},"93":{"start":{"line":301,"column":8},"end":{"line":301,"column":92}},"94":{"start":{"line":302,"column":8},"end":{"line":302,"column":41}},"95":{"start":{"line":305,"column":8},"end":{"line":305,"column":86}},"96":{"start":{"line":307,"column":8},"end":{"line":307,"column":51}},"97":{"start":{"line":308,"column":8},"end":{"line":308,"column":35}},"98":{"start":{"line":311,"column":8},"end":{"line":311,"column":61}},"99":{"start":{"line":313,"column":8},"end":{"line":313,"column":29}},"100":{"start":{"line":313,"column":23},"end":{"line":313,"column":29}},"101":{"start":{"line":316,"column":8},"end":{"line":316,"column":35}},"102":{"start":{"line":319,"column":8},"end":{"line":319,"column":26}},"103":{"start":{"line":322,"column":8},"end":{"line":322,"column":52}},"104":{"start":{"line":325,"column":8},"end":{"line":325,"column":29}},"105":{"start":{"line":329,"column":8},"end":{"line":329,"column":98}},"106":{"start":{"line":330,"column":8},"end":{"line":330,"column":32}},"107":{"start":{"line":331,"column":8},"end":{"line":331,"column":27}},"108":{"start":{"line":336,"column":8},"end":{"line":336,"column":79}},"109":{"start":{"line":339,"column":8},"end":{"line":339,"column":36}},"110":{"start":{"line":340,"column":8},"end":{"line":340,"column":89}},"111":{"start":{"line":341,"column":8},"end":{"line":341,"column":41}},"112":{"start":{"line":342,"column":8},"end":{"line":342,"column":40}},"113":{"start":{"line":345,"column":8},"end":{"line":345,"column":32}},"114":{"start":{"line":346,"column":8},"end":{"line":346,"column":22}},"115":{"start":{"line":347,"column":8},"end":{"line":347,"column":35}},"116":{"start":{"line":348,"column":8},"end":{"line":348,"column":20}},"117":{"start":{"line":349,"column":8},"end":{"line":349,"column":12127}},"118":{"start":{"line":350,"column":12},"end":{"line":350,"column":75}},"119":{"start":{"line":352,"column":12},"end":{"line":352,"column":12275}},"120":{"start":{"line":353,"column":16},"end":{"line":353,"column":12313}},"121":{"start":{"line":365,"column":12},"end":{"line":365,"column":12688}},"122":{"start":{"line":371,"column":12},"end":{"line":371,"column":12939}},"123":{"start":{"line":372,"column":16},"end":{"line":372,"column":12974}},"124":{"start":{"line":384,"column":12},"end":{"line":384,"column":105}},"125":{"start":{"line":385,"column":12},"end":{"line":385,"column":46}},"126":{"start":{"line":387,"column":12},"end":{"line":387,"column":13506}},"127":{"start":{"line":411,"column":8},"end":{"line":411,"column":14106}},"128":{"start":{"line":414,"column":12},"end":{"line":414,"column":29}},"129":{"start":{"line":415,"column":12},"end":{"line":415,"column":22}},"130":{"start":{"line":417,"column":12},"end":{"line":417,"column":33}},"131":{"start":{"line":418,"column":12},"end":{"line":418,"column":21}},"132":{"start":{"line":423,"column":8},"end":{"line":423,"column":89}},"133":{"start":{"line":426,"column":8},"end":{"line":426,"column":71}},"134":{"start":{"line":427,"column":8},"end":{"line":427,"column":72}},"135":{"start":{"line":428,"column":8},"end":{"line":428,"column":14827}},"136":{"start":{"line":429,"column":12},"end":{"line":429,"column":50}},"137":{"start":{"line":430,"column":12},"end":{"line":430,"column":52}},"138":{"start":{"line":431,"column":12},"end":{"line":431,"column":15006}},"139":{"start":{"line":432,"column":16},"end":{"line":432,"column":72}},"140":{"start":{"line":437,"column":8},"end":{"line":437,"column":15156}},"141":{"start":{"line":438,"column":12},"end":{"line":438,"column":84}},"142":{"start":{"line":439,"column":12},"end":{"line":439,"column":93}},"143":{"start":{"line":443,"column":8},"end":{"line":443,"column":15435}},"144":{"start":{"line":444,"column":12},"end":{"line":444,"column":128}},"145":{"start":{"line":447,"column":8},"end":{"line":447,"column":115}},"146":{"start":{"line":453,"column":8},"end":{"line":453,"column":59}},"147":{"start":{"line":454,"column":8},"end":{"line":454,"column":35}},"148":{"start":{"line":455,"column":8},"end":{"line":455,"column":43}},"149":{"start":{"line":459,"column":8},"end":{"line":459,"column":45}},"150":{"start":{"line":460,"column":8},"end":{"line":460,"column":21}},"151":{"start":{"line":461,"column":8},"end":{"line":461,"column":27}},"152":{"start":{"line":462,"column":8},"end":{"line":462,"column":37}},"153":{"start":{"line":466,"column":8},"end":{"line":466,"column":59}},"154":{"start":{"line":467,"column":8},"end":{"line":467,"column":27}},"155":{"start":{"line":468,"column":8},"end":{"line":468,"column":35}},"156":{"start":{"line":472,"column":8},"end":{"line":472,"column":16574}},"157":{"start":{"line":472,"column":23},"end":{"line":472,"column":30}},"158":{"start":{"line":473,"column":13},"end":{"line":473,"column":22}},"159":{"start":{"line":474,"column":8},"end":{"line":474,"column":33}},"160":{"start":{"line":478,"column":8},"end":{"line":478,"column":68}},"161":{"start":{"line":480,"column":8},"end":{"line":480,"column":16835}},"162":{"start":{"line":481,"column":12},"end":{"line":481,"column":53}},"163":{"start":{"line":486,"column":8},"end":{"line":486,"column":17068}},"164":{"start":{"line":486,"column":22},"end":{"line":486,"column":46}},"165":{"start":{"line":487,"column":13},"end":{"line":487,"column":40}},"166":{"start":{"line":488,"column":8},"end":{"line":488,"column":46}},"167":{"start":{"line":492,"column":8},"end":{"line":492,"column":78}},"168":{"start":{"line":494,"column":8},"end":{"line":494,"column":17375}},"169":{"start":{"line":495,"column":12},"end":{"line":495,"column":85}},"170":{"start":{"line":504,"column":8},"end":{"line":504,"column":56}},"171":{"start":{"line":505,"column":8},"end":{"line":505,"column":63}},"172":{"start":{"line":509,"column":8},"end":{"line":509,"column":66}},"173":{"start":{"line":510,"column":8},"end":{"line":510,"column":62}},"174":{"start":{"line":511,"column":8},"end":{"line":511,"column":33}},"175":{"start":{"line":512,"column":8},"end":{"line":512,"column":41}},"176":{"start":{"line":518,"column":8},"end":{"line":518,"column":38}},"177":{"start":{"line":535,"column":8},"end":{"line":535,"column":59}},"178":{"start":{"line":537,"column":8},"end":{"line":537,"column":43}},"179":{"start":{"line":539,"column":8},"end":{"line":539,"column":34}},"180":{"start":{"line":542,"column":8},"end":{"line":542,"column":18824}},"181":{"start":{"line":543,"column":12},"end":{"line":543,"column":87}},"182":{"start":{"line":544,"column":12},"end":{"line":544,"column":70}},"183":{"start":{"line":545,"column":12},"end":{"line":545,"column":76}},"184":{"start":{"line":546,"column":12},"end":{"line":546,"column":89}},"185":{"start":{"line":549,"column":8},"end":{"line":549,"column":27}},"186":{"start":{"line":551,"column":8},"end":{"line":551,"column":59}},"187":{"start":{"line":552,"column":8},"end":{"line":552,"column":19292}},"188":{"start":{"line":553,"column":12},"end":{"line":553,"column":19364}},"189":{"start":{"line":562,"column":8},"end":{"line":562,"column":31}}},"branchMap":{"1":{"line":80,"type":"if","locations":[{"start":{"line":80,"column":8},"end":{"line":80,"column":8}},{"start":{"line":80,"column":8},"end":{"line":80,"column":8}}]},"2":{"line":97,"type":"if","locations":[{"start":{"line":97,"column":8},"end":{"line":97,"column":8}},{"start":{"line":97,"column":8},"end":{"line":97,"column":8}}]},"3":{"line":108,"type":"if","locations":[{"start":{"line":108,"column":8},"end":{"line":108,"column":8}},{"start":{"line":108,"column":8},"end":{"line":108,"column":8}}]},"4":{"line":117,"type":"if","locations":[{"start":{"line":117,"column":8},"end":{"line":117,"column":8}},{"start":{"line":117,"column":8},"end":{"line":117,"column":8}}]},"5":{"line":118,"type":"if","locations":[{"start":{"line":118,"column":8},"end":{"line":118,"column":8}},{"start":{"line":118,"column":8},"end":{"line":118,"column":8}}]},"6":{"line":126,"type":"if","locations":[{"start":{"line":126,"column":8},"end":{"line":126,"column":8}},{"start":{"line":126,"column":8},"end":{"line":126,"column":8}}]},"7":{"line":140,"type":"if","locations":[{"start":{"line":140,"column":8},"end":{"line":140,"column":8}},{"start":{"line":140,"column":8},"end":{"line":140,"column":8}}]},"8":{"line":141,"type":"if","locations":[{"start":{"line":141,"column":8},"end":{"line":141,"column":8}},{"start":{"line":141,"column":8},"end":{"line":141,"column":8}}]},"9":{"line":142,"type":"if","locations":[{"start":{"line":142,"column":8},"end":{"line":142,"column":8}},{"start":{"line":142,"column":8},"end":{"line":142,"column":8}}]},"10":{"line":148,"type":"if","locations":[{"start":{"line":148,"column":8},"end":{"line":148,"column":8}},{"start":{"line":148,"column":8},"end":{"line":148,"column":8}}]},"11":{"line":155,"type":"if","locations":[{"start":{"line":155,"column":8},"end":{"line":155,"column":8}},{"start":{"line":155,"column":8},"end":{"line":155,"column":8}}]},"12":{"line":156,"type":"if","locations":[{"start":{"line":156,"column":8},"end":{"line":156,"column":8}},{"start":{"line":156,"column":8},"end":{"line":156,"column":8}}]},"13":{"line":168,"type":"if","locations":[{"start":{"line":168,"column":12},"end":{"line":168,"column":12}},{"start":{"line":168,"column":12},"end":{"line":168,"column":12}}]},"14":{"line":169,"type":"if","locations":[{"start":{"line":169,"column":12},"end":{"line":169,"column":12}},{"start":{"line":169,"column":12},"end":{"line":169,"column":12}}]},"15":{"line":170,"type":"if","locations":[{"start":{"line":170,"column":12},"end":{"line":170,"column":12}},{"start":{"line":170,"column":12},"end":{"line":170,"column":12}}]},"16":{"line":171,"type":"if","locations":[{"start":{"line":171,"column":12},"end":{"line":171,"column":12}},{"start":{"line":171,"column":12},"end":{"line":171,"column":12}}]},"17":{"line":172,"type":"if","locations":[{"start":{"line":172,"column":12},"end":{"line":172,"column":12}},{"start":{"line":172,"column":12},"end":{"line":172,"column":12}}]},"18":{"line":173,"type":"if","locations":[{"start":{"line":173,"column":12},"end":{"line":173,"column":12}},{"start":{"line":173,"column":12},"end":{"line":173,"column":12}}]},"19":{"line":184,"type":"if","locations":[{"start":{"line":184,"column":8},"end":{"line":184,"column":8}},{"start":{"line":184,"column":8},"end":{"line":184,"column":8}}]},"20":{"line":195,"type":"if","locations":[{"start":{"line":195,"column":8},"end":{"line":195,"column":8}},{"start":{"line":195,"column":8},"end":{"line":195,"column":8}}]},"21":{"line":196,"type":"if","locations":[{"start":{"line":196,"column":8},"end":{"line":196,"column":8}},{"start":{"line":196,"column":8},"end":{"line":196,"column":8}}]},"22":{"line":197,"type":"if","locations":[{"start":{"line":197,"column":8},"end":{"line":197,"column":8}},{"start":{"line":197,"column":8},"end":{"line":197,"column":8}}]},"23":{"line":201,"type":"if","locations":[{"start":{"line":201,"column":8},"end":{"line":201,"column":8}},{"start":{"line":201,"column":8},"end":{"line":201,"column":8}}]},"24":{"line":228,"type":"if","locations":[{"start":{"line":228,"column":8},"end":{"line":228,"column":8}},{"start":{"line":228,"column":8},"end":{"line":228,"column":8}}]},"25":{"line":229,"type":"if","locations":[{"start":{"line":229,"column":8},"end":{"line":229,"column":8}},{"start":{"line":229,"column":8},"end":{"line":229,"column":8}}]},"26":{"line":250,"type":"if","locations":[{"start":{"line":250,"column":8},"end":{"line":250,"column":8}},{"start":{"line":250,"column":8},"end":{"line":250,"column":8}}]},"27":{"line":259,"type":"if","locations":[{"start":{"line":259,"column":8},"end":{"line":259,"column":8}},{"start":{"line":259,"column":8},"end":{"line":259,"column":8}}]},"28":{"line":266,"type":"if","locations":[{"start":{"line":266,"column":8},"end":{"line":266,"column":8}},{"start":{"line":266,"column":8},"end":{"line":266,"column":8}}]},"29":{"line":267,"type":"if","locations":[{"start":{"line":267,"column":12},"end":{"line":267,"column":12}},{"start":{"line":267,"column":12},"end":{"line":267,"column":12}}]},"30":{"line":280,"type":"if","locations":[{"start":{"line":280,"column":8},"end":{"line":280,"column":8}},{"start":{"line":280,"column":8},"end":{"line":280,"column":8}}]},"31":{"line":297,"type":"if","locations":[{"start":{"line":297,"column":8},"end":{"line":297,"column":8}},{"start":{"line":297,"column":8},"end":{"line":297,"column":8}}]},"32":{"line":300,"type":"if","locations":[{"start":{"line":300,"column":8},"end":{"line":300,"column":8}},{"start":{"line":300,"column":8},"end":{"line":300,"column":8}}]},"33":{"line":301,"type":"if","locations":[{"start":{"line":301,"column":8},"end":{"line":301,"column":8}},{"start":{"line":301,"column":8},"end":{"line":301,"column":8}}]},"34":{"line":305,"type":"if","locations":[{"start":{"line":305,"column":8},"end":{"line":305,"column":8}},{"start":{"line":305,"column":8},"end":{"line":305,"column":8}}]},"35":{"line":313,"type":"if","locations":[{"start":{"line":313,"column":8},"end":{"line":313,"column":8}},{"start":{"line":313,"column":8},"end":{"line":313,"column":8}}]},"36":{"line":352,"type":"if","locations":[{"start":{"line":352,"column":12},"end":{"line":352,"column":12}},{"start":{"line":352,"column":12},"end":{"line":352,"column":12}}]},"37":{"line":371,"type":"if","locations":[{"start":{"line":371,"column":12},"end":{"line":371,"column":12}},{"start":{"line":371,"column":12},"end":{"line":371,"column":12}}]},"38":{"line":431,"type":"if","locations":[{"start":{"line":431,"column":12},"end":{"line":431,"column":12}},{"start":{"line":431,"column":12},"end":{"line":431,"column":12}}]},"39":{"line":437,"type":"if","locations":[{"start":{"line":437,"column":8},"end":{"line":437,"column":8}},{"start":{"line":437,"column":8},"end":{"line":437,"column":8}}]},"40":{"line":443,"type":"if","locations":[{"start":{"line":443,"column":8},"end":{"line":443,"column":8}},{"start":{"line":443,"column":8},"end":{"line":443,"column":8}}]},"41":{"line":453,"type":"if","locations":[{"start":{"line":453,"column":8},"end":{"line":453,"column":8}},{"start":{"line":453,"column":8},"end":{"line":453,"column":8}}]},"42":{"line":459,"type":"if","locations":[{"start":{"line":459,"column":8},"end":{"line":459,"column":8}},{"start":{"line":459,"column":8},"end":{"line":459,"column":8}}]},"43":{"line":466,"type":"if","locations":[{"start":{"line":466,"column":8},"end":{"line":466,"column":8}},{"start":{"line":466,"column":8},"end":{"line":466,"column":8}}]},"44":{"line":472,"type":"if","locations":[{"start":{"line":472,"column":8},"end":{"line":472,"column":8}},{"start":{"line":472,"column":8},"end":{"line":472,"column":8}}]},"45":{"line":478,"type":"if","locations":[{"start":{"line":478,"column":8},"end":{"line":478,"column":8}},{"start":{"line":478,"column":8},"end":{"line":478,"column":8}}]},"46":{"line":486,"type":"if","locations":[{"start":{"line":486,"column":8},"end":{"line":486,"column":8}},{"start":{"line":486,"column":8},"end":{"line":486,"column":8}}]},"47":{"line":492,"type":"if","locations":[{"start":{"line":492,"column":8},"end":{"line":492,"column":8}},{"start":{"line":492,"column":8},"end":{"line":492,"column":8}}]},"48":{"line":509,"type":"if","locations":[{"start":{"line":509,"column":8},"end":{"line":509,"column":8}},{"start":{"line":509,"column":8},"end":{"line":509,"column":8}}]},"49":{"line":510,"type":"if","locations":[{"start":{"line":510,"column":8},"end":{"line":510,"column":8}},{"start":{"line":510,"column":8},"end":{"line":510,"column":8}}]},"50":{"line":542,"type":"if","locations":[{"start":{"line":542,"column":8},"end":{"line":542,"column":8}},{"start":{"line":542,"column":8},"end":{"line":542,"column":8}}]}}},
"contracts/InvolicaResolver.sol":{"l":{"14":6,"15":6,"16":6,"25":37,"27":37,"28":36,"29":35,"30":34,"32":34,"33":34,"34":34,"35":37,"39":37,"42":34},"path":"/Users/roguerotkosky/Development/Involica/involica-contracts/contracts/InvolicaResolver.sol","s":{"1":6,"2":6,"3":6,"4":37,"5":37,"6":1,"7":36,"8":1,"9":35,"10":1,"11":34,"12":34,"13":34,"14":34,"15":37,"16":37,"17":34},"b":{"1":[1,36],"2":[1,35],"3":[1,34]},"f":{"1":6,"2":37},"fnMap":{"1":{"name":"constructor","line":13,"loc":{"start":{"line":13,"column":4},"end":{"line":17,"column":4}}},"2":{"name":"checkPositionExecutable","line":20,"loc":{"start":{"line":20,"column":4},"end":{"line":47,"column":4}}}},"statementMap":{"1":{"start":{"line":14,"column":8},"end":{"line":14,"column":38}},"2":{"start":{"line":15,"column":8},"end":{"line":15,"column":47}},"3":{"start":{"line":16,"column":8},"end":{"line":16,"column":25}},"4":{"start":{"line":25,"column":8},"end":{"line":25,"column":74}},"5":{"start":{"line":27,"column":8},"end":{"line":27,"column":121}},"6":{"start":{"line":27,"column":69},"end":{"line":27,"column":121}},"7":{"start":{"line":28,"column":8},"end":{"line":28,"column":112}},"8":{"start":{"line":28,"column":73},"end":{"line":28,"column":112}},"9":{"start":{"line":29,"column":8},"end":{"line":29,"column":118}},"10":{"start":{"line":29,"column":76},"end":{"line":29,"column":118}},"11":{"start":{"line":30,"column":8},"end":{"line":30,"column":21}},"12":{"start":{"line":32,"column":8},"end":{"line":32,"column":32}},"13":{"start":{"line":33,"column":8},"end":{"line":33,"column":80}},"14":{"start":{"line":34,"column":8},"end":{"line":34,"column":1267}},"15":{"start":{"line":35,"column":12},"end":{"line":35,"column":1336}},"16":{"start":{"line":39,"column":12},"end":{"line":39,"column":112}},"17":{"start":{"line":42,"column":8},"end":{"line":42,"column":1626}}},"branchMap":{"1":{"line":27,"type":"if","locations":[{"start":{"line":27,"column":8},"end":{"line":27,"column":8}},{"start":{"line":27,"column":8},"end":{"line":27,"column":8}}]},"2":{"line":28,"type":"if","locations":[{"start":{"line":28,"column":8},"end":{"line":28,"column":8}},{"start":{"line":28,"column":8},"end":{"line":28,"column":8}}]},"3":{"line":29,"type":"if","locations":[{"start":{"line":29,"column":8},"end":{"line":29,"column":8}},{"start":{"line":29,"column":8},"end":{"line":29,"column":8}}]}}}}
