{
"contracts/Involica.sol":{"l":{"66":12,"67":12,"69":12,"75":13,"76":10,"80":74,"92":55,"93":54,"94":53,"96":1,"103":58,"104":57,"106":57,"108":57,"112":7,"113":6,"114":5,"116":5,"120":8,"121":8,"122":8,"123":8,"135":53,"136":52,"137":51,"139":50,"140":50,"143":50,"146":48,"147":48,"150":48,"151":47,"153":46,"154":46,"155":46,"158":46,"159":46,"160":46,"161":46,"162":60,"163":60,"164":59,"165":58,"166":57,"167":56,"168":55,"169":53,"170":53,"180":39,"182":37,"185":37,"189":7,"191":7,"192":6,"193":5,"197":4,"202":3,"206":3,"209":3,"212":3,"215":3,"216":3,"218":3,"224":97,"225":41,"227":38,"238":38,"239":38,"241":38,"246":65,"250":3,"251":3,"255":62,"258":2,"259":2,"262":60,"263":6,"265":1,"268":6,"269":6,"272":54,"276":14,"278":11,"279":11,"280":11,"282":11,"294":63,"295":63,"296":62,"297":61,"300":61,"302":60,"303":60,"306":60,"308":60,"311":54,"314":54,"317":54,"320":52,"324":54,"325":54,"330":54,"333":54,"334":54,"335":54,"338":54,"339":54,"340":54,"341":54,"342":54,"343":74,"344":74,"345":73,"350":73,"351":68,"352":68,"356":73,"357":1,"366":1,"369":72,"370":5,"379":5,"382":67,"395":52,"396":52,"397":6,"398":6,"399":6,"402":52,"403":52,"404":52,"405":70,"406":70,"407":70,"408":64,"409":62,"413":50,"430":73,"433":68,"434":68,"436":5,"437":5,"444":4,"461":58,"463":58,"465":58,"468":58,"469":52,"470":52,"471":52,"472":52,"475":58,"477":58,"478":58,"479":173,"488":37,"494":4,"495":3,"496":3,"500":6,"505":9,"507":8,"508":13,"513":25,"515":25,"519":3,"521":2,"522":2,"531":2,"532":2,"536":3,"537":2,"538":1,"539":1},"path":"/Users/roguerotkosky/Development/Involica/involica-contracts/contracts/Involica.sol","s":{"1":12,"2":12,"3":12,"4":13,"5":74,"6":55,"7":1,"8":54,"9":53,"10":1,"11":58,"12":57,"13":57,"14":57,"15":7,"16":6,"17":5,"18":5,"19":8,"20":8,"21":8,"22":8,"23":53,"24":52,"25":51,"26":50,"27":50,"28":50,"29":48,"30":48,"31":48,"32":47,"33":46,"34":46,"35":46,"36":46,"37":46,"38":46,"39":60,"40":60,"41":59,"42":58,"43":57,"44":56,"45":55,"46":53,"47":53,"48":39,"49":37,"50":37,"51":7,"52":7,"53":6,"54":5,"55":4,"56":3,"57":3,"58":3,"59":3,"60":3,"61":3,"62":3,"63":97,"64":56,"65":41,"66":3,"67":38,"68":38,"69":38,"70":38,"71":65,"72":3,"73":3,"74":62,"75":2,"76":2,"77":60,"78":6,"79":1,"80":6,"81":6,"82":54,"83":14,"84":3,"85":11,"86":11,"87":11,"88":11,"89":63,"90":63,"91":62,"92":61,"93":61,"94":60,"95":60,"96":60,"97":60,"98":6,"99":54,"100":54,"101":54,"102":52,"103":54,"104":54,"105":54,"106":54,"107":54,"108":54,"109":54,"110":54,"111":54,"112":54,"113":54,"114":74,"115":74,"116":73,"117":73,"118":68,"119":68,"120":73,"121":1,"122":72,"123":5,"124":67,"125":52,"126":52,"127":6,"128":6,"129":6,"130":52,"131":52,"132":52,"133":70,"134":70,"135":70,"136":64,"137":62,"138":50,"139":73,"140":68,"141":68,"142":5,"143":5,"144":4,"145":58,"146":58,"147":58,"148":58,"149":52,"150":52,"151":52,"152":52,"153":58,"154":58,"155":58,"156":173,"157":37,"158":4,"159":3,"160":3,"161":6,"162":5,"163":1,"164":9,"165":8,"166":13,"167":25,"168":20,"169":5,"170":25,"171":3,"172":2,"173":2,"174":2,"175":2,"176":3,"177":2,"178":1,"179":1},"b":{"1":[10,3],"2":[1,54],"3":[57,1],"4":[6,1],"5":[5,1],"6":[8,0],"7":[52,1],"8":[51,1],"9":[50,1],"10":[48,2],"11":[47,1],"12":[46,1],"13":[59,1],"14":[58,1],"15":[57,1],"16":[56,1],"17":[55,1],"18":[53,2],"19":[37,2],"20":[6,1],"21":[5,1],"22":[4,1],"23":[3,1],"24":[56,41],"25":[3,38],"26":[3,62],"27":[2,60],"28":[6,54],"29":[1,5],"30":[3,11],"31":[62,1],"32":[61,1],"33":[60,1],"34":[6,54],"35":[73,1],"36":[68,5],"37":[1,72],"38":[5,67],"39":[6,46],"40":[64,6],"41":[52,6],"42":[3,1],"43":[5,1],"44":[8,1],"45":[20,5],"46":[2,1],"47":[2,1],"48":[1,1]},"f":{"1":12,"2":13,"3":74,"4":55,"5":58,"6":7,"7":8,"8":53,"9":7,"10":3,"11":97,"12":65,"13":14,"14":63,"15":54,"16":54,"17":52,"18":73,"19":4,"20":58,"21":37,"22":4,"23":6,"24":9,"25":25,"26":3,"27":2,"28":3},"fnMap":{"1":{"name":"constructor","line":65,"loc":{"start":{"line":61,"column":4},"end":{"line":70,"column":4}}},"2":{"name":"positionExists","line":74,"loc":{"start":{"line":74,"column":4},"end":{"line":77,"column":4}}},"3":{"name":"_validPair","line":79,"loc":{"start":{"line":79,"column":4},"end":{"line":84,"column":4}}},"4":{"name":"_validRoute","line":86,"loc":{"start":{"line":86,"column":4},"end":{"line":98,"column":4}}},"5":{"name":"depositTreasury","line":102,"loc":{"start":{"line":102,"column":4},"end":{"line":109,"column":4}}},"6":{"name":"withdrawTreasury","line":111,"loc":{"start":{"line":111,"column":4},"end":{"line":117,"column":4}}},"7":{"name":"_withdrawTreasury","line":119,"loc":{"start":{"line":119,"column":4},"end":{"line":124,"column":4}}},"8":{"name":"setPosition","line":134,"loc":{"start":{"line":128,"column":4},"end":{"line":186,"column":4}}},"9":{"name":"reInitPosition","line":188,"loc":{"start":{"line":188,"column":4},"end":{"line":203,"column":4}}},"10":{"name":"exitPosition","line":205,"loc":{"start":{"line":205,"column":4},"end":{"line":219,"column":4}}},"11":{"name":"_checkAndInitializeTask","line":223,"loc":{"start":{"line":223,"column":4},"end":{"line":242,"column":4}}},"12":{"name":"_checkAndFinalizeTask","line":244,"loc":{"start":{"line":244,"column":4},"end":{"line":273,"column":4}}},"13":{"name":"_finalizeTask","line":275,"loc":{"start":{"line":275,"column":4},"end":{"line":283,"column":4}}},"14":{"name":"executeDCA","line":292,"loc":{"start":{"line":287,"column":4},"end":{"line":321,"column":4}}},"15":{"name":"_setupDCA","line":323,"loc":{"start":{"line":323,"column":4},"end":{"line":326,"column":4}}},"16":{"name":"_executeDCASwaps","line":328,"loc":{"start":{"line":328,"column":4},"end":{"line":392,"column":4}}},"17":{"name":"_finalizeDCA","line":394,"loc":{"start":{"line":394,"column":4},"end":{"line":414,"column":4}}},"18":{"name":"_swap","line":418,"loc":{"start":{"line":418,"column":4},"end":{"line":439,"column":4}}},"19":{"name":"fetchAllowedTokens","line":443,"loc":{"start":{"line":443,"column":4},"end":{"line":445,"column":4}}},"20":{"name":"fetchUserData","line":447,"loc":{"start":{"line":447,"column":4},"end":{"line":485,"column":4}}},"21":{"name":"fetchPosition","line":487,"loc":{"start":{"line":487,"column":4},"end":{"line":489,"column":4}}},"22":{"name":"setResolver","line":493,"loc":{"start":{"line":493,"column":4},"end":{"line":497,"column":4}}},"23":{"name":"setPaused","line":499,"loc":{"start":{"line":499,"column":4},"end":{"line":502,"column":4}}},"24":{"name":"setAllowedTokens","line":504,"loc":{"start":{"line":504,"column":4},"end":{"line":510,"column":4}}},"25":{"name":"_setAllowedToken","line":512,"loc":{"start":{"line":512,"column":4},"end":{"line":516,"column":4}}},"26":{"name":"setBlacklistedPairs","line":518,"loc":{"start":{"line":518,"column":4},"end":{"line":524,"column":4}}},"27":{"name":"_setBlacklistedPairs","line":526,"loc":{"start":{"line":526,"column":4},"end":{"line":533,"column":4}}},"28":{"name":"setMinSlippage","line":535,"loc":{"start":{"line":535,"column":4},"end":{"line":540,"column":4}}}},"statementMap":{"1":{"start":{"line":66,"column":8},"end":{"line":66,"column":47}},"2":{"start":{"line":67,"column":8},"end":{"line":67,"column":19}},"3":{"start":{"line":69,"column":8},"end":{"line":69,"column":36}},"4":{"start":{"line":75,"column":8},"end":{"line":75,"column":87}},"5":{"start":{"line":80,"column":8},"end":{"line":80,"column":2423}},"6":{"start":{"line":92,"column":8},"end":{"line":92,"column":111}},"7":{"start":{"line":92,"column":99},"end":{"line":92,"column":111}},"8":{"start":{"line":93,"column":8},"end":{"line":93,"column":2849}},"9":{"start":{"line":94,"column":12},"end":{"line":94,"column":23}},"10":{"start":{"line":96,"column":12},"end":{"line":96,"column":24}},"11":{"start":{"line":103,"column":8},"end":{"line":103,"column":54}},"12":{"start":{"line":104,"column":8},"end":{"line":104,"column":46}},"13":{"start":{"line":106,"column":8},"end":{"line":106,"column":51}},"14":{"start":{"line":108,"column":8},"end":{"line":108,"column":53}},"15":{"start":{"line":112,"column":8},"end":{"line":112,"column":50}},"16":{"start":{"line":113,"column":8},"end":{"line":113,"column":69}},"17":{"start":{"line":114,"column":8},"end":{"line":114,"column":33}},"18":{"start":{"line":116,"column":8},"end":{"line":116,"column":54}},"19":{"start":{"line":120,"column":8},"end":{"line":120,"column":71}},"20":{"start":{"line":121,"column":8},"end":{"line":121,"column":46}},"21":{"start":{"line":122,"column":8},"end":{"line":122,"column":44}},"22":{"start":{"line":123,"column":8},"end":{"line":123,"column":50}},"23":{"start":{"line":135,"column":8},"end":{"line":135,"column":72}},"24":{"start":{"line":136,"column":8},"end":{"line":136,"column":56}},"25":{"start":{"line":137,"column":8},"end":{"line":137,"column":64}},"26":{"start":{"line":139,"column":8},"end":{"line":139,"column":41}},"27":{"start":{"line":140,"column":8},"end":{"line":140,"column":57}},"28":{"start":{"line":143,"column":8},"end":{"line":143,"column":72}},"29":{"start":{"line":146,"column":8},"end":{"line":146,"column":33}},"30":{"start":{"line":147,"column":8},"end":{"line":147,"column":34}},"31":{"start":{"line":150,"column":8},"end":{"line":150,"column":113}},"32":{"start":{"line":151,"column":8},"end":{"line":151,"column":105}},"33":{"start":{"line":153,"column":8},"end":{"line":153,"column":38}},"34":{"start":{"line":154,"column":8},"end":{"line":154,"column":42}},"35":{"start":{"line":155,"column":8},"end":{"line":155,"column":51}},"36":{"start":{"line":159,"column":8},"end":{"line":159,"column":30}},"37":{"start":{"line":160,"column":8},"end":{"line":160,"column":19}},"38":{"start":{"line":161,"column":8},"end":{"line":161,"column":5262}},"39":{"start":{"line":162,"column":12},"end":{"line":162,"column":31}},"40":{"start":{"line":163,"column":12},"end":{"line":163,"column":68}},"41":{"start":{"line":164,"column":12},"end":{"line":164,"column":71}},"42":{"start":{"line":165,"column":12},"end":{"line":165,"column":75}},"43":{"start":{"line":166,"column":12},"end":{"line":166,"column":75}},"44":{"start":{"line":167,"column":12},"end":{"line":167,"column":58}},"45":{"start":{"line":168,"column":12},"end":{"line":168,"column":93}},"46":{"start":{"line":169,"column":12},"end":{"line":169,"column":40}},"47":{"start":{"line":170,"column":12},"end":{"line":170,"column":5858}},"48":{"start":{"line":180,"column":8},"end":{"line":180,"column":67}},"49":{"start":{"line":182,"column":8},"end":{"line":182,"column":101}},"50":{"start":{"line":185,"column":8},"end":{"line":185,"column":53}},"51":{"start":{"line":189,"column":8},"end":{"line":189,"column":57}},"52":{"start":{"line":191,"column":8},"end":{"line":191,"column":73}},"53":{"start":{"line":192,"column":8},"end":{"line":192,"column":72}},"54":{"start":{"line":193,"column":8},"end":{"line":193,"column":6794}},"55":{"start":{"line":197,"column":8},"end":{"line":197,"column":6960}},"56":{"start":{"line":202,"column":8},"end":{"line":202,"column":40}},"57":{"start":{"line":206,"column":8},"end":{"line":206,"column":57}},"58":{"start":{"line":209,"column":8},"end":{"line":209,"column":52}},"59":{"start":{"line":212,"column":8},"end":{"line":212,"column":45}},"60":{"start":{"line":215,"column":8},"end":{"line":215,"column":33}},"61":{"start":{"line":216,"column":8},"end":{"line":216,"column":44}},"62":{"start":{"line":218,"column":8},"end":{"line":218,"column":37}},"63":{"start":{"line":224,"column":8},"end":{"line":224,"column":48}},"64":{"start":{"line":224,"column":42},"end":{"line":224,"column":48}},"65":{"start":{"line":225,"column":8},"end":{"line":225,"column":50}},"66":{"start":{"line":225,"column":44},"end":{"line":225,"column":50}},"67":{"start":{"line":227,"column":8},"end":{"line":227,"column":7802}},"68":{"start":{"line":238,"column":8},"end":{"line":238,"column":40}},"69":{"start":{"line":239,"column":8},"end":{"line":239,"column":28}},"70":{"start":{"line":241,"column":8},"end":{"line":241,"column":61}},"71":{"start":{"line":246,"column":8},"end":{"line":246,"column":8483}},"72":{"start":{"line":250,"column":12},"end":{"line":250,"column":80}},"73":{"start":{"line":251,"column":12},"end":{"line":251,"column":23}},"74":{"start":{"line":255,"column":8},"end":{"line":255,"column":8815}},"75":{"start":{"line":258,"column":12},"end":{"line":258,"column":77}},"76":{"start":{"line":259,"column":12},"end":{"line":259,"column":23}},"77":{"start":{"line":262,"column":8},"end":{"line":262,"column":9077}},"78":{"start":{"line":263,"column":12},"end":{"line":263,"column":9179}},"79":{"start":{"line":265,"column":16},"end":{"line":265,"column":49}},"80":{"start":{"line":268,"column":12},"end":{"line":268,"column":58}},"81":{"start":{"line":269,"column":12},"end":{"line":269,"column":23}},"82":{"start":{"line":272,"column":8},"end":{"line":272,"column":20}},"83":{"start":{"line":276,"column":8},"end":{"line":276,"column":50}},"84":{"start":{"line":276,"column":44},"end":{"line":276,"column":50}},"85":{"start":{"line":278,"column":8},"end":{"line":278,"column":45}},"86":{"start":{"line":279,"column":8},"end":{"line":279,"column":36}},"87":{"start":{"line":280,"column":8},"end":{"line":280,"column":45}},"88":{"start":{"line":282,"column":8},"end":{"line":282,"column":50}},"89":{"start":{"line":294,"column":8},"end":{"line":294,"column":52}},"90":{"start":{"line":295,"column":8},"end":{"line":295,"column":69}},"91":{"start":{"line":296,"column":8},"end":{"line":296,"column":92}},"92":{"start":{"line":297,"column":8},"end":{"line":297,"column":41}},"93":{"start":{"line":300,"column":8},"end":{"line":300,"column":86}},"94":{"start":{"line":302,"column":8},"end":{"line":302,"column":51}},"95":{"start":{"line":303,"column":8},"end":{"line":303,"column":35}},"96":{"start":{"line":306,"column":8},"end":{"line":306,"column":61}},"97":{"start":{"line":308,"column":8},"end":{"line":308,"column":29}},"98":{"start":{"line":308,"column":23},"end":{"line":308,"column":29}},"99":{"start":{"line":311,"column":8},"end":{"line":311,"column":35}},"100":{"start":{"line":314,"column":8},"end":{"line":314,"column":26}},"101":{"start":{"line":317,"column":8},"end":{"line":317,"column":52}},"102":{"start":{"line":320,"column":8},"end":{"line":320,"column":29}},"103":{"start":{"line":324,"column":8},"end":{"line":324,"column":98}},"104":{"start":{"line":325,"column":8},"end":{"line":325,"column":45}},"105":{"start":{"line":330,"column":8},"end":{"line":330,"column":79}},"106":{"start":{"line":333,"column":8},"end":{"line":333,"column":36}},"107":{"start":{"line":334,"column":8},"end":{"line":334,"column":89}},"108":{"start":{"line":335,"column":8},"end":{"line":335,"column":41}},"109":{"start":{"line":338,"column":8},"end":{"line":338,"column":32}},"110":{"start":{"line":339,"column":8},"end":{"line":339,"column":22}},"111":{"start":{"line":340,"column":8},"end":{"line":340,"column":35}},"112":{"start":{"line":341,"column":8},"end":{"line":341,"column":20}},"113":{"start":{"line":342,"column":8},"end":{"line":342,"column":11854}},"114":{"start":{"line":343,"column":12},"end":{"line":343,"column":75}},"115":{"start":{"line":344,"column":12},"end":{"line":344,"column":12001}},"116":{"start":{"line":345,"column":16},"end":{"line":345,"column":12038}},"117":{"start":{"line":350,"column":16},"end":{"line":350,"column":12278}},"118":{"start":{"line":351,"column":20},"end":{"line":351,"column":95}},"119":{"start":{"line":352,"column":20},"end":{"line":352,"column":74}},"120":{"start":{"line":356,"column":12},"end":{"line":356,"column":12510}},"121":{"start":{"line":357,"column":16},"end":{"line":357,"column":12548}},"122":{"start":{"line":369,"column":12},"end":{"line":369,"column":12923}},"123":{"start":{"line":370,"column":16},"end":{"line":370,"column":12958}},"124":{"start":{"line":382,"column":12},"end":{"line":382,"column":13332}},"125":{"start":{"line":395,"column":8},"end":{"line":395,"column":45}},"126":{"start":{"line":396,"column":8},"end":{"line":396,"column":13826}},"127":{"start":{"line":397,"column":12},"end":{"line":397,"column":82}},"128":{"start":{"line":398,"column":12},"end":{"line":398,"column":40}},"129":{"start":{"line":399,"column":12},"end":{"line":399,"column":32}},"130":{"start":{"line":402,"column":8},"end":{"line":402,"column":69}},"131":{"start":{"line":403,"column":8},"end":{"line":403,"column":70}},"132":{"start":{"line":404,"column":8},"end":{"line":404,"column":14180}},"133":{"start":{"line":405,"column":12},"end":{"line":405,"column":45}},"134":{"start":{"line":406,"column":12},"end":{"line":406,"column":48}},"135":{"start":{"line":407,"column":12},"end":{"line":407,"column":14348}},"136":{"start":{"line":408,"column":16},"end":{"line":408,"column":99}},"137":{"start":{"line":409,"column":16},"end":{"line":409,"column":43}},"138":{"start":{"line":413,"column":8},"end":{"line":413,"column":84}},"139":{"start":{"line":430,"column":8},"end":{"line":430,"column":14932}},"140":{"start":{"line":433,"column":12},"end":{"line":433,"column":29}},"141":{"start":{"line":434,"column":12},"end":{"line":434,"column":22}},"142":{"start":{"line":436,"column":12},"end":{"line":436,"column":33}},"143":{"start":{"line":437,"column":12},"end":{"line":437,"column":21}},"144":{"start":{"line":444,"column":8},"end":{"line":444,"column":38}},"145":{"start":{"line":461,"column":8},"end":{"line":461,"column":59}},"146":{"start":{"line":463,"column":8},"end":{"line":463,"column":43}},"147":{"start":{"line":465,"column":8},"end":{"line":465,"column":34}},"148":{"start":{"line":468,"column":8},"end":{"line":468,"column":16021}},"149":{"start":{"line":469,"column":12},"end":{"line":469,"column":87}},"150":{"start":{"line":470,"column":12},"end":{"line":470,"column":70}},"151":{"start":{"line":471,"column":12},"end":{"line":471,"column":76}},"152":{"start":{"line":472,"column":12},"end":{"line":472,"column":89}},"153":{"start":{"line":475,"column":8},"end":{"line":475,"column":27}},"154":{"start":{"line":477,"column":8},"end":{"line":477,"column":59}},"155":{"start":{"line":478,"column":8},"end":{"line":478,"column":16489}},"156":{"start":{"line":479,"column":12},"end":{"line":479,"column":16561}},"157":{"start":{"line":488,"column":8},"end":{"line":488,"column":31}},"158":{"start":{"line":494,"column":8},"end":{"line":494,"column":59}},"159":{"start":{"line":495,"column":8},"end":{"line":495,"column":27}},"160":{"start":{"line":496,"column":8},"end":{"line":496,"column":35}},"161":{"start":{"line":500,"column":8},"end":{"line":500,"column":17253}},"162":{"start":{"line":500,"column":23},"end":{"line":500,"column":30}},"163":{"start":{"line":501,"column":13},"end":{"line":501,"column":22}},"164":{"start":{"line":505,"column":8},"end":{"line":505,"column":68}},"165":{"start":{"line":507,"column":8},"end":{"line":507,"column":17479}},"166":{"start":{"line":508,"column":12},"end":{"line":508,"column":53}},"167":{"start":{"line":513,"column":8},"end":{"line":513,"column":17712}},"168":{"start":{"line":513,"column":22},"end":{"line":513,"column":46}},"169":{"start":{"line":514,"column":13},"end":{"line":514,"column":40}},"170":{"start":{"line":515,"column":8},"end":{"line":515,"column":46}},"171":{"start":{"line":519,"column":8},"end":{"line":519,"column":78}},"172":{"start":{"line":521,"column":8},"end":{"line":521,"column":18019}},"173":{"start":{"line":522,"column":12},"end":{"line":522,"column":85}},"174":{"start":{"line":531,"column":8},"end":{"line":531,"column":56}},"175":{"start":{"line":532,"column":8},"end":{"line":532,"column":63}},"176":{"start":{"line":536,"column":8},"end":{"line":536,"column":66}},"177":{"start":{"line":537,"column":8},"end":{"line":537,"column":62}},"178":{"start":{"line":538,"column":8},"end":{"line":538,"column":33}},"179":{"start":{"line":539,"column":8},"end":{"line":539,"column":41}}},"branchMap":{"1":{"line":75,"type":"if","locations":[{"start":{"line":75,"column":8},"end":{"line":75,"column":8}},{"start":{"line":75,"column":8},"end":{"line":75,"column":8}}]},"2":{"line":92,"type":"if","locations":[{"start":{"line":92,"column":8},"end":{"line":92,"column":8}},{"start":{"line":92,"column":8},"end":{"line":92,"column":8}}]},"3":{"line":103,"type":"if","locations":[{"start":{"line":103,"column":8},"end":{"line":103,"column":8}},{"start":{"line":103,"column":8},"end":{"line":103,"column":8}}]},"4":{"line":112,"type":"if","locations":[{"start":{"line":112,"column":8},"end":{"line":112,"column":8}},{"start":{"line":112,"column":8},"end":{"line":112,"column":8}}]},"5":{"line":113,"type":"if","locations":[{"start":{"line":113,"column":8},"end":{"line":113,"column":8}},{"start":{"line":113,"column":8},"end":{"line":113,"column":8}}]},"6":{"line":121,"type":"if","locations":[{"start":{"line":121,"column":8},"end":{"line":121,"column":8}},{"start":{"line":121,"column":8},"end":{"line":121,"column":8}}]},"7":{"line":135,"type":"if","locations":[{"start":{"line":135,"column":8},"end":{"line":135,"column":8}},{"start":{"line":135,"column":8},"end":{"line":135,"column":8}}]},"8":{"line":136,"type":"if","locations":[{"start":{"line":136,"column":8},"end":{"line":136,"column":8}},{"start":{"line":136,"column":8},"end":{"line":136,"column":8}}]},"9":{"line":137,"type":"if","locations":[{"start":{"line":137,"column":8},"end":{"line":137,"column":8}},{"start":{"line":137,"column":8},"end":{"line":137,"column":8}}]},"10":{"line":143,"type":"if","locations":[{"start":{"line":143,"column":8},"end":{"line":143,"column":8}},{"start":{"line":143,"column":8},"end":{"line":143,"column":8}}]},"11":{"line":150,"type":"if","locations":[{"start":{"line":150,"column":8},"end":{"line":150,"column":8}},{"start":{"line":150,"column":8},"end":{"line":150,"column":8}}]},"12":{"line":151,"type":"if","locations":[{"start":{"line":151,"column":8},"end":{"line":151,"column":8}},{"start":{"line":151,"column":8},"end":{"line":151,"column":8}}]},"13":{"line":163,"type":"if","locations":[{"start":{"line":163,"column":12},"end":{"line":163,"column":12}},{"start":{"line":163,"column":12},"end":{"line":163,"column":12}}]},"14":{"line":164,"type":"if","locations":[{"start":{"line":164,"column":12},"end":{"line":164,"column":12}},{"start":{"line":164,"column":12},"end":{"line":164,"column":12}}]},"15":{"line":165,"type":"if","locations":[{"start":{"line":165,"column":12},"end":{"line":165,"column":12}},{"start":{"line":165,"column":12},"end":{"line":165,"column":12}}]},"16":{"line":166,"type":"if","locations":[{"start":{"line":166,"column":12},"end":{"line":166,"column":12}},{"start":{"line":166,"column":12},"end":{"line":166,"column":12}}]},"17":{"line":167,"type":"if","locations":[{"start":{"line":167,"column":12},"end":{"line":167,"column":12}},{"start":{"line":167,"column":12},"end":{"line":167,"column":12}}]},"18":{"line":168,"type":"if","locations":[{"start":{"line":168,"column":12},"end":{"line":168,"column":12}},{"start":{"line":168,"column":12},"end":{"line":168,"column":12}}]},"19":{"line":180,"type":"if","locations":[{"start":{"line":180,"column":8},"end":{"line":180,"column":8}},{"start":{"line":180,"column":8},"end":{"line":180,"column":8}}]},"20":{"line":191,"type":"if","locations":[{"start":{"line":191,"column":8},"end":{"line":191,"column":8}},{"start":{"line":191,"column":8},"end":{"line":191,"column":8}}]},"21":{"line":192,"type":"if","locations":[{"start":{"line":192,"column":8},"end":{"line":192,"column":8}},{"start":{"line":192,"column":8},"end":{"line":192,"column":8}}]},"22":{"line":193,"type":"if","locations":[{"start":{"line":193,"column":8},"end":{"line":193,"column":8}},{"start":{"line":193,"column":8},"end":{"line":193,"column":8}}]},"23":{"line":197,"type":"if","locations":[{"start":{"line":197,"column":8},"end":{"line":197,"column":8}},{"start":{"line":197,"column":8},"end":{"line":197,"column":8}}]},"24":{"line":224,"type":"if","locations":[{"start":{"line":224,"column":8},"end":{"line":224,"column":8}},{"start":{"line":224,"column":8},"end":{"line":224,"column":8}}]},"25":{"line":225,"type":"if","locations":[{"start":{"line":225,"column":8},"end":{"line":225,"column":8}},{"start":{"line":225,"column":8},"end":{"line":225,"column":8}}]},"26":{"line":246,"type":"if","locations":[{"start":{"line":246,"column":8},"end":{"line":246,"column":8}},{"start":{"line":246,"column":8},"end":{"line":246,"column":8}}]},"27":{"line":255,"type":"if","locations":[{"start":{"line":255,"column":8},"end":{"line":255,"column":8}},{"start":{"line":255,"column":8},"end":{"line":255,"column":8}}]},"28":{"line":262,"type":"if","locations":[{"start":{"line":262,"column":8},"end":{"line":262,"column":8}},{"start":{"line":262,"column":8},"end":{"line":262,"column":8}}]},"29":{"line":263,"type":"if","locations":[{"start":{"line":263,"column":12},"end":{"line":263,"column":12}},{"start":{"line":263,"column":12},"end":{"line":263,"column":12}}]},"30":{"line":276,"type":"if","locations":[{"start":{"line":276,"column":8},"end":{"line":276,"column":8}},{"start":{"line":276,"column":8},"end":{"line":276,"column":8}}]},"31":{"line":295,"type":"if","locations":[{"start":{"line":295,"column":8},"end":{"line":295,"column":8}},{"start":{"line":295,"column":8},"end":{"line":295,"column":8}}]},"32":{"line":296,"type":"if","locations":[{"start":{"line":296,"column":8},"end":{"line":296,"column":8}},{"start":{"line":296,"column":8},"end":{"line":296,"column":8}}]},"33":{"line":300,"type":"if","locations":[{"start":{"line":300,"column":8},"end":{"line":300,"column":8}},{"start":{"line":300,"column":8},"end":{"line":300,"column":8}}]},"34":{"line":308,"type":"if","locations":[{"start":{"line":308,"column":8},"end":{"line":308,"column":8}},{"start":{"line":308,"column":8},"end":{"line":308,"column":8}}]},"35":{"line":344,"type":"if","locations":[{"start":{"line":344,"column":12},"end":{"line":344,"column":12}},{"start":{"line":344,"column":12},"end":{"line":344,"column":12}}]},"36":{"line":350,"type":"if","locations":[{"start":{"line":350,"column":16},"end":{"line":350,"column":16}},{"start":{"line":350,"column":16},"end":{"line":350,"column":16}}]},"37":{"line":356,"type":"if","locations":[{"start":{"line":356,"column":12},"end":{"line":356,"column":12}},{"start":{"line":356,"column":12},"end":{"line":356,"column":12}}]},"38":{"line":369,"type":"if","locations":[{"start":{"line":369,"column":12},"end":{"line":369,"column":12}},{"start":{"line":369,"column":12},"end":{"line":369,"column":12}}]},"39":{"line":396,"type":"if","locations":[{"start":{"line":396,"column":8},"end":{"line":396,"column":8}},{"start":{"line":396,"column":8},"end":{"line":396,"column":8}}]},"40":{"line":407,"type":"if","locations":[{"start":{"line":407,"column":12},"end":{"line":407,"column":12}},{"start":{"line":407,"column":12},"end":{"line":407,"column":12}}]},"41":{"line":468,"type":"if","locations":[{"start":{"line":468,"column":8},"end":{"line":468,"column":8}},{"start":{"line":468,"column":8},"end":{"line":468,"column":8}}]},"42":{"line":494,"type":"if","locations":[{"start":{"line":494,"column":8},"end":{"line":494,"column":8}},{"start":{"line":494,"column":8},"end":{"line":494,"column":8}}]},"43":{"line":500,"type":"if","locations":[{"start":{"line":500,"column":8},"end":{"line":500,"column":8}},{"start":{"line":500,"column":8},"end":{"line":500,"column":8}}]},"44":{"line":505,"type":"if","locations":[{"start":{"line":505,"column":8},"end":{"line":505,"column":8}},{"start":{"line":505,"column":8},"end":{"line":505,"column":8}}]},"45":{"line":513,"type":"if","locations":[{"start":{"line":513,"column":8},"end":{"line":513,"column":8}},{"start":{"line":513,"column":8},"end":{"line":513,"column":8}}]},"46":{"line":519,"type":"if","locations":[{"start":{"line":519,"column":8},"end":{"line":519,"column":8}},{"start":{"line":519,"column":8},"end":{"line":519,"column":8}}]},"47":{"line":536,"type":"if","locations":[{"start":{"line":536,"column":8},"end":{"line":536,"column":8}},{"start":{"line":536,"column":8},"end":{"line":536,"column":8}}]},"48":{"line":537,"type":"if","locations":[{"start":{"line":537,"column":8},"end":{"line":537,"column":8}},{"start":{"line":537,"column":8},"end":{"line":537,"column":8}}]}}},
"contracts/InvolicaResolver.sol":{"l":{"14":6,"15":6,"16":6,"25":37,"27":37,"28":36,"29":35,"30":34,"32":34,"33":34,"34":34,"35":37,"39":37,"42":34},"path":"/Users/roguerotkosky/Development/Involica/involica-contracts/contracts/InvolicaResolver.sol","s":{"1":6,"2":6,"3":6,"4":37,"5":37,"6":1,"7":36,"8":1,"9":35,"10":1,"11":34,"12":34,"13":34,"14":34,"15":37,"16":37,"17":34},"b":{"1":[1,36],"2":[1,35],"3":[1,34]},"f":{"1":6,"2":37},"fnMap":{"1":{"name":"constructor","line":13,"loc":{"start":{"line":13,"column":4},"end":{"line":17,"column":4}}},"2":{"name":"checkPositionExecutable","line":20,"loc":{"start":{"line":20,"column":4},"end":{"line":47,"column":4}}}},"statementMap":{"1":{"start":{"line":14,"column":8},"end":{"line":14,"column":38}},"2":{"start":{"line":15,"column":8},"end":{"line":15,"column":47}},"3":{"start":{"line":16,"column":8},"end":{"line":16,"column":25}},"4":{"start":{"line":25,"column":8},"end":{"line":25,"column":74}},"5":{"start":{"line":27,"column":8},"end":{"line":27,"column":121}},"6":{"start":{"line":27,"column":69},"end":{"line":27,"column":121}},"7":{"start":{"line":28,"column":8},"end":{"line":28,"column":112}},"8":{"start":{"line":28,"column":73},"end":{"line":28,"column":112}},"9":{"start":{"line":29,"column":8},"end":{"line":29,"column":118}},"10":{"start":{"line":29,"column":76},"end":{"line":29,"column":118}},"11":{"start":{"line":30,"column":8},"end":{"line":30,"column":21}},"12":{"start":{"line":32,"column":8},"end":{"line":32,"column":32}},"13":{"start":{"line":33,"column":8},"end":{"line":33,"column":80}},"14":{"start":{"line":34,"column":8},"end":{"line":34,"column":1267}},"15":{"start":{"line":35,"column":12},"end":{"line":35,"column":1336}},"16":{"start":{"line":39,"column":12},"end":{"line":39,"column":112}},"17":{"start":{"line":42,"column":8},"end":{"line":42,"column":1626}}},"branchMap":{"1":{"line":27,"type":"if","locations":[{"start":{"line":27,"column":8},"end":{"line":27,"column":8}},{"start":{"line":27,"column":8},"end":{"line":27,"column":8}}]},"2":{"line":28,"type":"if","locations":[{"start":{"line":28,"column":8},"end":{"line":28,"column":8}},{"start":{"line":28,"column":8},"end":{"line":28,"column":8}}]},"3":{"line":29,"type":"if","locations":[{"start":{"line":29,"column":8},"end":{"line":29,"column":8}},{"start":{"line":29,"column":8},"end":{"line":29,"column":8}}]}}}}
