TN:
SF:/Users/roguerotkosky/Development/Involica/involica-contracts/contracts/Involica.sol
FN:69,constructor
FN:79,positionExists
FN:84,_validPair
FN:91,_validRoute
FN:107,depositTreasury
FN:116,withdrawTreasury
FN:124,_withdrawTreasury
FN:139,setPosition
FN:192,reInitPosition
FN:209,exitPosition
FN:227,_checkAndInitializeTask
FN:248,_checkAndFinalizeTask
FN:279,_finalizeTask
FN:295,executeDCA
FN:328,_setupDCA
FN:334,_executeDCASwaps
FN:399,_swap
FN:422,_finalizeDCA
FN:452,setInvolicaTreasury
FN:458,setInvolicaTxFee
FN:465,setResolver
FN:471,setPaused
FN:477,setAllowedTokens
FN:485,_setAllowedToken
FN:491,setBlacklistedPairs
FN:499,_setBlacklistedPairs
FN:508,setMinSlippage
FN:517,fetchAllowedTokens
FN:521,fetchUserData
FN:561,fetchPosition
FNF:30
FNH:30
FNDA:12,constructor
FNDA:13,positionExists
FNDA:75,_validPair
FNDA:56,_validRoute
FNDA:59,depositTreasury
FNDA:7,withdrawTreasury
FNDA:8,_withdrawTreasury
FNDA:54,setPosition
FNDA:7,reInitPosition
FNDA:3,exitPosition
FNDA:99,_checkAndInitializeTask
FNDA:66,_checkAndFinalizeTask
FNDA:14,_finalizeTask
FNDA:65,executeDCA
FNDA:55,_setupDCA
FNDA:55,_executeDCASwaps
FNDA:74,_swap
FNDA:55,_finalizeDCA
FNDA:2,setInvolicaTreasury
FNDA:2,setInvolicaTxFee
FNDA:4,setResolver
FNDA:6,setPaused
FNDA:9,setAllowedTokens
FNDA:25,_setAllowedToken
FNDA:3,setBlacklistedPairs
FNDA:2,_setBlacklistedPairs
FNDA:3,setMinSlippage
FNDA:4,fetchAllowedTokens
FNDA:56,fetchUserData
FNDA:37,fetchPosition
DA:70,12
DA:71,12
DA:72,12
DA:74,12
DA:80,13
DA:81,10
DA:85,75
DA:97,56
DA:98,55
DA:99,54
DA:101,1
DA:108,59
DA:109,58
DA:111,58
DA:113,58
DA:117,7
DA:118,6
DA:119,5
DA:121,5
DA:125,8
DA:126,8
DA:127,8
DA:128,8
DA:140,54
DA:141,53
DA:142,52
DA:144,51
DA:145,51
DA:148,51
DA:151,49
DA:152,49
DA:155,49
DA:156,48
DA:158,47
DA:159,47
DA:160,47
DA:163,47
DA:164,47
DA:165,47
DA:166,47
DA:167,61
DA:168,61
DA:169,60
DA:170,59
DA:171,58
DA:172,57
DA:173,56
DA:174,54
DA:175,54
DA:184,40
DA:186,38
DA:189,38
DA:193,7
DA:195,7
DA:196,6
DA:197,5
DA:201,4
DA:206,3
DA:210,3
DA:213,3
DA:216,3
DA:219,3
DA:220,3
DA:222,3
DA:228,99
DA:229,42
DA:231,39
DA:242,39
DA:243,39
DA:245,39
DA:250,66
DA:254,3
DA:255,3
DA:259,63
DA:262,2
DA:263,2
DA:266,61
DA:267,6
DA:269,1
DA:272,6
DA:273,6
DA:276,55
DA:280,14
DA:282,11
DA:283,11
DA:284,11
DA:286,11
DA:297,65
DA:299,64
DA:300,64
DA:301,63
DA:302,62
DA:305,62
DA:307,61
DA:308,61
DA:311,61
DA:313,61
DA:316,55
DA:319,55
DA:322,55
DA:325,55
DA:329,55
DA:330,55
DA:331,55
DA:336,55
DA:339,55
DA:340,55
DA:341,55
DA:342,55
DA:345,55
DA:346,55
DA:347,55
DA:348,55
DA:349,55
DA:350,75
DA:352,75
DA:353,1
DA:362,1
DA:365,74
DA:371,74
DA:372,5
DA:381,5
DA:384,69
DA:385,69
DA:387,69
DA:411,74
DA:414,69
DA:415,69
DA:417,5
DA:418,5
DA:423,55
DA:426,55
DA:427,55
DA:428,55
DA:429,75
DA:430,75
DA:431,75
DA:432,69
DA:437,54
DA:438,50
DA:439,50
DA:443,53
DA:444,6
DA:447,53
DA:453,2
DA:454,1
DA:455,1
DA:459,2
DA:460,1
DA:461,1
DA:462,1
DA:466,4
DA:467,3
DA:468,3
DA:472,6
DA:474,6
DA:478,9
DA:480,8
DA:481,13
DA:486,25
DA:488,25
DA:492,3
DA:494,2
DA:495,2
DA:504,2
DA:505,2
DA:509,3
DA:510,2
DA:511,1
DA:512,1
DA:518,4
DA:535,56
DA:537,56
DA:539,56
DA:542,56
DA:543,50
DA:544,50
DA:545,50
DA:546,50
DA:549,56
DA:551,56
DA:552,56
DA:553,167
DA:562,37
LF:184
LH:184
BRDA:80,1,0,10
BRDA:80,1,1,3
BRDA:97,2,0,1
BRDA:97,2,1,55
BRDA:108,3,0,58
BRDA:108,3,1,1
BRDA:117,4,0,6
BRDA:117,4,1,1
BRDA:118,5,0,5
BRDA:118,5,1,1
BRDA:126,6,0,8
BRDA:126,6,1,0
BRDA:140,7,0,53
BRDA:140,7,1,1
BRDA:141,8,0,52
BRDA:141,8,1,1
BRDA:142,9,0,51
BRDA:142,9,1,1
BRDA:148,10,0,49
BRDA:148,10,1,2
BRDA:155,11,0,48
BRDA:155,11,1,1
BRDA:156,12,0,47
BRDA:156,12,1,1
BRDA:168,13,0,60
BRDA:168,13,1,1
BRDA:169,14,0,59
BRDA:169,14,1,1
BRDA:170,15,0,58
BRDA:170,15,1,1
BRDA:171,16,0,57
BRDA:171,16,1,1
BRDA:172,17,0,56
BRDA:172,17,1,1
BRDA:173,18,0,54
BRDA:173,18,1,2
BRDA:184,19,0,38
BRDA:184,19,1,2
BRDA:195,20,0,6
BRDA:195,20,1,1
BRDA:196,21,0,5
BRDA:196,21,1,1
BRDA:197,22,0,4
BRDA:197,22,1,1
BRDA:201,23,0,3
BRDA:201,23,1,1
BRDA:228,24,0,57
BRDA:228,24,1,42
BRDA:229,25,0,3
BRDA:229,25,1,39
BRDA:250,26,0,3
BRDA:250,26,1,63
BRDA:259,27,0,2
BRDA:259,27,1,61
BRDA:266,28,0,6
BRDA:266,28,1,55
BRDA:267,29,0,1
BRDA:267,29,1,5
BRDA:280,30,0,3
BRDA:280,30,1,11
BRDA:297,31,0,64
BRDA:297,31,1,1
BRDA:300,32,0,63
BRDA:300,32,1,1
BRDA:301,33,0,62
BRDA:301,33,1,1
BRDA:305,34,0,61
BRDA:305,34,1,1
BRDA:313,35,0,6
BRDA:313,35,1,55
BRDA:352,36,0,1
BRDA:352,36,1,74
BRDA:371,37,0,5
BRDA:371,37,1,69
BRDA:431,38,0,69
BRDA:431,38,1,6
BRDA:437,39,0,50
BRDA:437,39,1,4
BRDA:443,40,0,6
BRDA:443,40,1,47
BRDA:453,41,0,1
BRDA:453,41,1,1
BRDA:459,42,0,1
BRDA:459,42,1,1
BRDA:466,43,0,3
BRDA:466,43,1,1
BRDA:472,44,0,5
BRDA:472,44,1,1
BRDA:478,45,0,8
BRDA:478,45,1,1
BRDA:486,46,0,20
BRDA:486,46,1,5
BRDA:492,47,0,2
BRDA:492,47,1,1
BRDA:509,48,0,2
BRDA:509,48,1,1
BRDA:510,49,0,1
BRDA:510,49,1,1
BRDA:542,50,0,50
BRDA:542,50,1,6
BRF:100
BRH:99
end_of_record
TN:
SF:/Users/roguerotkosky/Development/Involica/involica-contracts/contracts/InvolicaResolver.sol
FN:13,constructor
FN:20,checkPositionExecutable
FNF:2
FNH:2
FNDA:6,constructor
FNDA:37,checkPositionExecutable
DA:14,6
DA:15,6
DA:16,6
DA:25,37
DA:27,37
DA:28,36
DA:29,35
DA:30,34
DA:32,34
DA:33,34
DA:34,34
DA:35,37
DA:39,37
DA:42,34
LF:14
LH:14
BRDA:27,1,0,1
BRDA:27,1,1,36
BRDA:28,2,0,1
BRDA:28,2,1,35
BRDA:29,3,0,1
BRDA:29,3,1,34
BRF:6
BRH:6
end_of_record
