TN:
SF:/Users/roguerotkosky/Development/Involica/involica-contracts/contracts/Involica.sol
FN:65,constructor
FN:74,positionExists
FN:79,_validPair
FN:86,_validRoute
FN:102,depositTreasury
FN:111,withdrawTreasury
FN:119,_withdrawTreasury
FN:134,setPosition
FN:188,reInitPosition
FN:205,exitPosition
FN:223,_checkAndInitializeTask
FN:244,_checkAndFinalizeTask
FN:275,_finalizeTask
FN:292,executeDCA
FN:323,_setupDCA
FN:328,_executeDCASwaps
FN:394,_finalizeDCA
FN:418,_swap
FN:443,fetchAllowedTokens
FN:447,fetchUserData
FN:487,fetchPosition
FN:493,setResolver
FN:499,setPaused
FN:504,setAllowedTokens
FN:512,_setAllowedToken
FN:518,setBlacklistedPairs
FN:526,_setBlacklistedPairs
FN:535,setMinSlippage
FNF:28
FNH:28
FNDA:12,constructor
FNDA:13,positionExists
FNDA:74,_validPair
FNDA:55,_validRoute
FNDA:58,depositTreasury
FNDA:7,withdrawTreasury
FNDA:8,_withdrawTreasury
FNDA:53,setPosition
FNDA:7,reInitPosition
FNDA:3,exitPosition
FNDA:97,_checkAndInitializeTask
FNDA:65,_checkAndFinalizeTask
FNDA:14,_finalizeTask
FNDA:63,executeDCA
FNDA:54,_setupDCA
FNDA:54,_executeDCASwaps
FNDA:52,_finalizeDCA
FNDA:73,_swap
FNDA:4,fetchAllowedTokens
FNDA:58,fetchUserData
FNDA:37,fetchPosition
FNDA:4,setResolver
FNDA:6,setPaused
FNDA:9,setAllowedTokens
FNDA:25,_setAllowedToken
FNDA:3,setBlacklistedPairs
FNDA:2,_setBlacklistedPairs
FNDA:3,setMinSlippage
DA:66,12
DA:67,12
DA:69,12
DA:75,13
DA:76,10
DA:80,74
DA:92,55
DA:93,54
DA:94,53
DA:96,1
DA:103,58
DA:104,57
DA:106,57
DA:108,57
DA:112,7
DA:113,6
DA:114,5
DA:116,5
DA:120,8
DA:121,8
DA:122,8
DA:123,8
DA:135,53
DA:136,52
DA:137,51
DA:139,50
DA:140,50
DA:143,50
DA:146,48
DA:147,48
DA:150,48
DA:151,47
DA:153,46
DA:154,46
DA:155,46
DA:158,46
DA:159,46
DA:160,46
DA:161,46
DA:162,60
DA:163,60
DA:164,59
DA:165,58
DA:166,57
DA:167,56
DA:168,55
DA:169,53
DA:170,53
DA:180,39
DA:182,37
DA:185,37
DA:189,7
DA:191,7
DA:192,6
DA:193,5
DA:197,4
DA:202,3
DA:206,3
DA:209,3
DA:212,3
DA:215,3
DA:216,3
DA:218,3
DA:224,97
DA:225,41
DA:227,38
DA:238,38
DA:239,38
DA:241,38
DA:246,65
DA:250,3
DA:251,3
DA:255,62
DA:258,2
DA:259,2
DA:262,60
DA:263,6
DA:265,1
DA:268,6
DA:269,6
DA:272,54
DA:276,14
DA:278,11
DA:279,11
DA:280,11
DA:282,11
DA:294,63
DA:295,63
DA:296,62
DA:297,61
DA:300,61
DA:302,60
DA:303,60
DA:306,60
DA:308,60
DA:311,54
DA:314,54
DA:317,54
DA:320,52
DA:324,54
DA:325,54
DA:330,54
DA:333,54
DA:334,54
DA:335,54
DA:338,54
DA:339,54
DA:340,54
DA:341,54
DA:342,54
DA:343,74
DA:344,74
DA:345,73
DA:350,73
DA:351,68
DA:352,68
DA:356,73
DA:357,1
DA:366,1
DA:369,72
DA:370,5
DA:379,5
DA:382,67
DA:395,52
DA:396,52
DA:397,6
DA:398,6
DA:399,6
DA:402,52
DA:403,52
DA:404,52
DA:405,70
DA:406,70
DA:407,70
DA:408,64
DA:409,62
DA:413,50
DA:430,73
DA:433,68
DA:434,68
DA:436,5
DA:437,5
DA:444,4
DA:461,58
DA:463,58
DA:465,58
DA:468,58
DA:469,52
DA:470,52
DA:471,52
DA:472,52
DA:475,58
DA:477,58
DA:478,58
DA:479,173
DA:488,37
DA:494,4
DA:495,3
DA:496,3
DA:500,6
DA:505,9
DA:507,8
DA:508,13
DA:513,25
DA:515,25
DA:519,3
DA:521,2
DA:522,2
DA:531,2
DA:532,2
DA:536,3
DA:537,2
DA:538,1
DA:539,1
LF:174
LH:174
BRDA:75,1,0,10
BRDA:75,1,1,3
BRDA:92,2,0,1
BRDA:92,2,1,54
BRDA:103,3,0,57
BRDA:103,3,1,1
BRDA:112,4,0,6
BRDA:112,4,1,1
BRDA:113,5,0,5
BRDA:113,5,1,1
BRDA:121,6,0,8
BRDA:121,6,1,0
BRDA:135,7,0,52
BRDA:135,7,1,1
BRDA:136,8,0,51
BRDA:136,8,1,1
BRDA:137,9,0,50
BRDA:137,9,1,1
BRDA:143,10,0,48
BRDA:143,10,1,2
BRDA:150,11,0,47
BRDA:150,11,1,1
BRDA:151,12,0,46
BRDA:151,12,1,1
BRDA:163,13,0,59
BRDA:163,13,1,1
BRDA:164,14,0,58
BRDA:164,14,1,1
BRDA:165,15,0,57
BRDA:165,15,1,1
BRDA:166,16,0,56
BRDA:166,16,1,1
BRDA:167,17,0,55
BRDA:167,17,1,1
BRDA:168,18,0,53
BRDA:168,18,1,2
BRDA:180,19,0,37
BRDA:180,19,1,2
BRDA:191,20,0,6
BRDA:191,20,1,1
BRDA:192,21,0,5
BRDA:192,21,1,1
BRDA:193,22,0,4
BRDA:193,22,1,1
BRDA:197,23,0,3
BRDA:197,23,1,1
BRDA:224,24,0,56
BRDA:224,24,1,41
BRDA:225,25,0,3
BRDA:225,25,1,38
BRDA:246,26,0,3
BRDA:246,26,1,62
BRDA:255,27,0,2
BRDA:255,27,1,60
BRDA:262,28,0,6
BRDA:262,28,1,54
BRDA:263,29,0,1
BRDA:263,29,1,5
BRDA:276,30,0,3
BRDA:276,30,1,11
BRDA:295,31,0,62
BRDA:295,31,1,1
BRDA:296,32,0,61
BRDA:296,32,1,1
BRDA:300,33,0,60
BRDA:300,33,1,1
BRDA:308,34,0,6
BRDA:308,34,1,54
BRDA:344,35,0,73
BRDA:344,35,1,1
BRDA:350,36,0,68
BRDA:350,36,1,5
BRDA:356,37,0,1
BRDA:356,37,1,72
BRDA:369,38,0,5
BRDA:369,38,1,67
BRDA:396,39,0,6
BRDA:396,39,1,46
BRDA:407,40,0,64
BRDA:407,40,1,6
BRDA:468,41,0,52
BRDA:468,41,1,6
BRDA:494,42,0,3
BRDA:494,42,1,1
BRDA:500,43,0,5
BRDA:500,43,1,1
BRDA:505,44,0,8
BRDA:505,44,1,1
BRDA:513,45,0,20
BRDA:513,45,1,5
BRDA:519,46,0,2
BRDA:519,46,1,1
BRDA:536,47,0,2
BRDA:536,47,1,1
BRDA:537,48,0,1
BRDA:537,48,1,1
BRF:96
BRH:95
end_of_record
TN:
SF:/Users/roguerotkosky/Development/Involica/involica-contracts/contracts/InvolicaResolver.sol
FN:13,constructor
FN:20,checkPositionExecutable
FNF:2
FNH:2
FNDA:6,constructor
FNDA:37,checkPositionExecutable
DA:14,6
DA:15,6
DA:16,6
DA:25,37
DA:27,37
DA:28,36
DA:29,35
DA:30,34
DA:32,34
DA:33,34
DA:34,34
DA:35,37
DA:39,37
DA:42,34
LF:14
LH:14
BRDA:27,1,0,1
BRDA:27,1,1,36
BRDA:28,2,0,1
BRDA:28,2,1,35
BRDA:29,3,0,1
BRDA:29,3,1,34
BRF:6
BRH:6
end_of_record
